[ 50%] [32mBuilding CXX object CMakeFiles/turtlesim_client.dir/src/turtlesim_client.cpp.o[0m
[01m[K/home/palas21/dev/git/sctAssignments/sctAssignment7/src/joystick_controller/src/turtlesim_client.cpp:17:26:[m[K [01;31m[Kerror: [m[K‘[01m[Ksensor_msgs[m[K’ has not been declared
   17 |         void joyCallback([01;31m[Ksensor_msgs[m[K::msg::joy msg){
      |                          [01;31m[K^~~~~~~~~~~[m[K
[01m[K/home/palas21/dev/git/sctAssignments/sctAssignment7/src/joystick_controller/src/turtlesim_client.cpp:17:48:[m[K [01;31m[Kerror: [m[Kexpected ‘[01m[K,[m[K’ or ‘[01m[K...[m[K’ before ‘[01m[Kmsg[m[K’
   17 |         void joyCallback(sensor_msgs::msg::joy [01;31m[Kmsg[m[K){
      |                                                [01;31m[K^~~[m[K
[01m[K/home/palas21/dev/git/sctAssignments/sctAssignment7/src/joystick_controller/src/turtlesim_client.cpp:21:27:[m[K [01;31m[Kerror: [m[K‘[01m[Kgeometry_msgs[m[K’ was not declared in this scope
   21 |         rclcpp::Publisher<[01;31m[Kgeometry_msgs[m[K::msg::Twist>::SharedPtr velocity_publisher_;
      |                           [01;31m[K^~~~~~~~~~~~~[m[K
[01m[K/home/palas21/dev/git/sctAssignments/sctAssignment7/src/joystick_controller/src/turtlesim_client.cpp:21:52:[m[K [01;31m[Kerror: [m[Ktemplate argument 1 is invalid
   21 |         rclcpp::Publisher<geometry_msgs::msg::Twist[01;31m[K>[m[K::SharedPtr velocity_publisher_;
      |                                                    [01;31m[K^[m[K
[01m[K/home/palas21/dev/git/sctAssignments/sctAssignment7/src/joystick_controller/src/turtlesim_client.cpp:21:55:[m[K [01;31m[Kerror: [m[Kexpected ‘[01m[K;[m[K’ at end of member declaration
   21 |         rclcpp::Publisher<geometry_msgs::msg::Twist>::[01;31m[KSharedPtr[m[K velocity_publisher_;
      |                                                       [01;31m[K^~~~~~~~~[m[K
      |                                                                [32m[K;[m[K
[01m[K/home/palas21/dev/git/sctAssignments/sctAssignment7/src/joystick_controller/src/turtlesim_client.cpp:21:65:[m[K [01;31m[Kerror: [m[K‘[01m[Kvelocity_publisher_[m[K’ does not name a type
   21 |     rclcpp::Publisher<geometry_msgs::msg::Twist>::SharedPtr [01;31m[Kvelocity_publisher_[m[K;
      |                                                             [01;31m[K^~~~~~~~~~~~~~~~~~~[m[K

[01m[K/home/palas21/dev/git/sctAssignments/sctAssignment7/src/joystick_controller/src/turtlesim_client.cpp:22:30:[m[K [01;31m[Kerror: [m[K‘[01m[Ksensor_msgs[m[K’ was not declared in this scope
   22 |         rclcpp::Subscription<[01;31m[Ksensor_msgs[m[K::msg::joy>::SharedPtr subscriber_;
      |                              [01;31m[K^~~~~~~~~~~[m[K
[01m[K/home/palas21/dev/git/sctAssignments/sctAssignment7/src/joystick_controller/src/turtlesim_client.cpp:22:51:[m[K [01;31m[Kerror: [m[Ktemplate argument 1 is invalid
   22 |         rclcpp::Subscription<sensor_msgs::msg::joy[01;31m[K>[m[K::SharedPtr subscriber_;
      |                                                   [01;31m[K^[m[K
[01m[K/home/palas21/dev/git/sctAssignments/sctAssignment7/src/joystick_controller/src/turtlesim_client.cpp:22:51:[m[K [01;31m[Kerror: [m[Ktemplate argument 3 is invalid
[01m[K/home/palas21/dev/git/sctAssignments/sctAssignment7/src/joystick_controller/src/turtlesim_client.cpp:22:51:[m[K [01;31m[Kerror: [m[Ktemplate argument 4 is invalid
[01m[K/home/palas21/dev/git/sctAssignments/sctAssignment7/src/joystick_controller/src/turtlesim_client.cpp:22:51:[m[K [01;31m[Kerror: [m[Ktemplate argument 5 is invalid
[01m[K/home/palas21/dev/git/sctAssignments/sctAssignment7/src/joystick_controller/src/turtlesim_client.cpp:22:54:[m[K [01;31m[Kerror: [m[Kexpected ‘[01m[K;[m[K’ at end of member declaration
   22 |         rclcpp::Subscription<sensor_msgs::msg::joy>::[01;31m[KSharedPtr[m[K subscriber_;
      |                                                      [01;31m[K^~~~~~~~~[m[K
      |                                                               [32m[K;[m[K
[01m[K/home/palas21/dev/git/sctAssignments/sctAssignment7/src/joystick_controller/src/turtlesim_client.cpp:22:54:[m[K [01;31m[Kerror: [m[Kredeclaration of ‘[01m[Kint TurtlesimClient::SharedPtr[m[K’
[01m[K/home/palas21/dev/git/sctAssignments/sctAssignment7/src/joystick_controller/src/turtlesim_client.cpp:21:55:[m[K [01;36m[Knote: [m[Kprevious declaration ‘[01m[Kint TurtlesimClient::SharedPtr[m[K’
   21 |         rclcpp::Publisher<geometry_msgs::msg::Twist>::[01;36m[KSharedPtr[m[K velocity_publisher_;
      |                                                       [01;36m[K^~~~~~~~~[m[K
[01m[K/home/palas21/dev/git/sctAssignments/sctAssignment7/src/joystick_controller/src/turtlesim_client.cpp:22:64:[m[K [01;31m[Kerror: [m[K‘[01m[Ksubscriber_[m[K’ does not name a type
   22 |      rclcpp::Subscription<sensor_msgs::msg::joy>::SharedPtr [01;31m[Ksubscriber_[m[K;
      |                                                             [01;31m[K^~~~~~~~~~~[m[K

[01m[K/home/palas21/dev/git/sctAssignments/sctAssignment7/src/joystick_controller/src/turtlesim_client.cpp:[m[K In constructor ‘[01m[KTurtlesimClient::TurtlesimClient()[m[K’:
[01m[K/home/palas21/dev/git/sctAssignments/sctAssignment7/src/joystick_controller/src/turtlesim_client.cpp:12:13:[m[K [01;31m[Kerror: [m[K‘[01m[Kvelocity_publisher_[m[K’ was not declared in this scope; did you mean ‘[01m[Kcount_publishers[m[K’?
   12 |             [01;31m[Kvelocity_publisher_[m[K = this->create_publisher<geometry_msgs::msg::Twist>("turtle1/cmd_vel", 10);
      |             [01;31m[K^~~~~~~~~~~~~~~~~~~[m[K
      |             [32m[Kcount_publishers[m[K
[01m[K/home/palas21/dev/git/sctAssignments/sctAssignment7/src/joystick_controller/src/turtlesim_client.cpp:12:58:[m[K [01;31m[Kerror: [m[K‘[01m[Kgeometry_msgs[m[K’ was not declared in this scope
   12 |             velocity_publisher_ = this->create_publisher<[01;31m[Kgeometry_msgs[m[K::msg::Twist>("turtle1/cmd_vel", 10);
      |                                                          [01;31m[K^~~~~~~~~~~~~[m[K
[01m[K/home/palas21/dev/git/sctAssignments/sctAssignment7/src/joystick_controller/src/turtlesim_client.cpp:12:41:[m[K [01;31m[Kerror: [m[Kparse error in template argument list
   12 |             velocity_publisher_ = this->[01;31m[Kcreate_publisher<geometry_msgs::msg::Twist>[m[K("turtle1/cmd_vel", 10);
      |                                         [01;31m[K^~~~~~~~~~~~~~~~~~~~~~~~~~~~~~~~~~~~~~~~~~~[m[K
[01m[K/home/palas21/dev/git/sctAssignments/sctAssignment7/src/joystick_controller/src/turtlesim_client.cpp:12:84:[m[K [01;31m[Kerror: [m[Kno matching function for call to ‘[01m[KTurtlesimClient::create_publisher<<expression error> >(const char [16], int)[m[K’
   12 | blisher_ = [01;31m[Kthis->create_publisher<geometry_msgs::msg::Twist>("turtle1/cmd_vel", 10)[m[K;
      |            [01;31m[K~~~~~~~~~~~~~~~~~~~~~~~~~~~~~~~~~~~~~~~~~~~~~~~~~^~~~~~~~~~~~~~~~~~~~~~~[m[K

In file included from [01m[K/opt/ros/humble/include/rclcpp/rclcpp/executors/single_threaded_executor.hpp:28[m[K,
                 from [01m[K/opt/ros/humble/include/rclcpp/rclcpp/executors.hpp:22[m[K,
                 from [01m[K/opt/ros/humble/include/rclcpp/rclcpp/rclcpp.hpp:155[m[K,
                 from [01m[K/home/palas21/dev/git/sctAssignments/sctAssignment7/src/joystick_controller/src/turtlesim_client.cpp:2[m[K:
[01m[K/opt/ros/humble/include/rclcpp/rclcpp/node.hpp:195:3:[m[K [01;36m[Knote: [m[Kcandidate: ‘[01m[Ktemplate<class MessageT, class AllocatorT, class PublisherT> std::shared_ptr<PublisherT> rclcpp::Node::create_publisher(const string&, const rclcpp::QoS&, const rclcpp::PublisherOptionsWithAllocator<AllocatorT>&)[m[K’
  195 |   [01;36m[Kcreate_publisher[m[K(
      |   [01;36m[K^~~~~~~~~~~~~~~~[m[K
[01m[K/opt/ros/humble/include/rclcpp/rclcpp/node.hpp:195:3:[m[K [01;36m[Knote: [m[K  template argument deduction/substitution failed:
[01m[K/home/palas21/dev/git/sctAssignments/sctAssignment7/src/joystick_controller/src/turtlesim_client.cpp:12:84:[m[K [01;31m[Kerror: [m[Ktemplate argument 1 is invalid
   12 | blisher_ = [01;31m[Kthis->create_publisher<geometry_msgs::msg::Twist>("turtle1/cmd_vel", 10)[m[K;
      |            [01;31m[K~~~~~~~~~~~~~~~~~~~~~~~~~~~~~~~~~~~~~~~~~~~~~~~~~^~~~~~~~~~~~~~~~~~~~~~~[m[K

[01m[K/home/palas21/dev/git/sctAssignments/sctAssignment7/src/joystick_controller/src/turtlesim_client.cpp:13:13:[m[K [01;31m[Kerror: [m[K‘[01m[Ksubscriber_[m[K’ was not declared in this scope
   13 |             [01;31m[Ksubscriber_[m[K = this->create_subscription<sensor_msgs::msg::joy>("joy", 10, std::bind(&TurtlesimClient::joyCallback, this, std::placeholders::_1));
      |             [01;31m[K^~~~~~~~~~~[m[K
[01m[K/home/palas21/dev/git/sctAssignments/sctAssignment7/src/joystick_controller/src/turtlesim_client.cpp:13:53:[m[K [01;31m[Kerror: [m[K‘[01m[Ksensor_msgs[m[K’ was not declared in this scope
   13 |             subscriber_ = this->create_subscription<[01;31m[Ksensor_msgs[m[K::msg::joy>("joy", 10, std::bind(&TurtlesimClient::joyCallback, this, std::placeholders::_1));
      |                                                     [01;31m[K^~~~~~~~~~~[m[K
[01m[K/home/palas21/dev/git/sctAssignments/sctAssignment7/src/joystick_controller/src/turtlesim_client.cpp:13:33:[m[K [01;31m[Kerror: [m[Kparse error in template argument list
   13 |             subscriber_ = this->[01;31m[Kcreate_subscription<sensor_msgs::msg::joy>[m[K("joy", 10, std::bind(&TurtlesimClient::joyCallback, this, std::placeholders::_1));
      |                                 [01;31m[K^~~~~~~~~~~~~~~~~~~~~~~~~~~~~~~~~~~~~~~~~~[m[K
[01m[K/home/palas21/dev/git/sctAssignments/sctAssignment7/src/joystick_controller/src/turtlesim_client.cpp:13:75:[m[K [01;31m[Kerror: [m[Kno matching function for call to ‘[01m[KTurtlesimClient::create_subscription<<expression error> >(const char [4], int, std::_Bind_helper<false, void (TurtlesimClient::*)(int), TurtlesimClient*, const std::_Placeholder<1>&>::type)[m[K’
   13 | bscriber_ = [01;31m[Kthis->create_subscription<sensor_msgs::msg::joy>("joy", 10, std::bind(&TurtlesimClient::joyCallback, this, std::placeholders::_1))[m[K;
      |             [01;31m[K~~~~~~~~~~~~~~~~~~~~~~~~~~~~~~~~~~~~~~~~~~~~~~~~^~~~~~~~~~~~~~~~~~~~~~~~~~~~~~~~~~~~~~~~~~~~~~~~~~~~~~~~~~~~~~~~~~~~~~~~~~~~~~~~~~[m[K

In file included from [01m[K/opt/ros/humble/include/rclcpp/rclcpp/executors/single_threaded_executor.hpp:28[m[K,
                 from [01m[K/opt/ros/humble/include/rclcpp/rclcpp/executors.hpp:22[m[K,
                 from [01m[K/opt/ros/humble/include/rclcpp/rclcpp/rclcpp.hpp:155[m[K,
                 from [01m[K/home/palas21/dev/git/sctAssignments/sctAssignment7/src/joystick_controller/src/turtlesim_client.cpp:2[m[K:
[01m[K/opt/ros/humble/include/rclcpp/rclcpp/node.hpp:219:3:[m[K [01;36m[Knote: [m[Kcandidate: ‘[01m[Ktemplate<class MessageT, class CallbackT, class AllocatorT, class SubscriptionT, class MessageMemoryStrategyT> std::shared_ptr<ROSMessageT> rclcpp::Node::create_subscription(const string&, const rclcpp::QoS&, CallbackT&&, const rclcpp::SubscriptionOptionsWithAllocator<AllocatorT>&, typename MessageMemoryStrategyT::SharedPtr)[m[K’
  219 |   [01;36m[Kcreate_subscription[m[K(
      |   [01;36m[K^~~~~~~~~~~~~~~~~~~[m[K
[01m[K/opt/ros/humble/include/rclcpp/rclcpp/node.hpp:219:3:[m[K [01;36m[Knote: [m[K  template argument deduction/substitution failed:
[01m[K/home/palas21/dev/git/sctAssignments/sctAssignment7/src/joystick_controller/src/turtlesim_client.cpp:13:75:[m[K [01;31m[Kerror: [m[Ktemplate argument 1 is invalid
   13 | bscriber_ = [01;31m[Kthis->create_subscription<sensor_msgs::msg::joy>("joy", 10, std::bind(&TurtlesimClient::joyCallback, this, std::placeholders::_1))[m[K;
      |             [01;31m[K~~~~~~~~~~~~~~~~~~~~~~~~~~~~~~~~~~~~~~~~~~~~~~~~^~~~~~~~~~~~~~~~~~~~~~~~~~~~~~~~~~~~~~~~~~~~~~~~~~~~~~~~~~~~~~~~~~~~~~~~~~~~~~~~~~[m[K

In file included from [01m[K/opt/ros/humble/include/rclcpp/rclcpp/logging.hpp:24[m[K,
                 from [01m[K/opt/ros/humble/include/rclcpp/rclcpp/client.hpp:40[m[K,
                 from [01m[K/opt/ros/humble/include/rclcpp/rclcpp/callback_group.hpp:24[m[K,
                 from [01m[K/opt/ros/humble/include/rclcpp/rclcpp/any_executable.hpp:20[m[K,
                 from [01m[K/opt/ros/humble/include/rclcpp/rclcpp/memory_strategy.hpp:25[m[K,
                 from [01m[K/opt/ros/humble/include/rclcpp/rclcpp/memory_strategies.hpp:18[m[K,
                 from [01m[K/opt/ros/humble/include/rclcpp/rclcpp/executor_options.hpp:20[m[K,
                 from [01m[K/opt/ros/humble/include/rclcpp/rclcpp/executor.hpp:37[m[K,
                 from [01m[K/opt/ros/humble/include/rclcpp/rclcpp/executors/multi_threaded_executor.hpp:25[m[K,
                 from [01m[K/opt/ros/humble/include/rclcpp/rclcpp/executors.hpp:21[m[K,
                 from [01m[K/opt/ros/humble/include/rclcpp/rclcpp/rclcpp.hpp:155[m[K,
                 from [01m[K/home/palas21/dev/git/sctAssignments/sctAssignment7/src/joystick_controller/src/turtlesim_client.cpp:2[m[K:
[01m[K/home/palas21/dev/git/sctAssignments/sctAssignment7/src/joystick_controller/src/turtlesim_client.cpp:[m[K In member function ‘[01m[Kvoid TurtlesimClient::joyCallback(int)[m[K’:
[01m[K/home/palas21/dev/git/sctAssignments/sctAssignment7/src/joystick_controller/src/turtlesim_client.cpp:18:73:[m[K [01;31m[Kerror: [m[K‘[01m[Kmsg[m[K’ was not declared in this scope
   18 |       RCLCPP_INFO(this->get_logger(), "Received joy message: %s", [01;31m[Kmsg[m[K);
      |                                                                   [01;31m[K^~~[m[K

[01m[K/home/palas21/dev/git/sctAssignments/sctAssignment7/src/joystick_controller/src/turtlesim_client.cpp:18:73:[m[K [01;36m[Knote: [m[Ksuggested alternatives:
In file included from [01m[K/opt/ros/humble/include/builtin_interfaces/builtin_interfaces/msg/duration.hpp:7[m[K,
                 from [01m[K/opt/ros/humble/include/rclcpp/rclcpp/duration.hpp:20[m[K,
                 from [01m[K/opt/ros/humble/include/rclcpp/rclcpp/qos.hpp:20[m[K,
                 from [01m[K/opt/ros/humble/include/rclcpp/rclcpp/node_interfaces/node_graph_interface.hpp:32[m[K,
                 from [01m[K/opt/ros/humble/include/rclcpp/rclcpp/client.hpp:42[m[K,
                 from [01m[K/opt/ros/humble/include/rclcpp/rclcpp/callback_group.hpp:24[m[K,
                 from [01m[K/opt/ros/humble/include/rclcpp/rclcpp/any_executable.hpp:20[m[K,
                 from [01m[K/opt/ros/humble/include/rclcpp/rclcpp/memory_strategy.hpp:25[m[K,
                 from [01m[K/opt/ros/humble/include/rclcpp/rclcpp/memory_strategies.hpp:18[m[K,
                 from [01m[K/opt/ros/humble/include/rclcpp/rclcpp/executor_options.hpp:20[m[K,
                 from [01m[K/opt/ros/humble/include/rclcpp/rclcpp/executor.hpp:37[m[K,
                 from [01m[K/opt/ros/humble/include/rclcpp/rclcpp/executors/multi_threaded_executor.hpp:25[m[K,
                 from [01m[K/opt/ros/humble/include/rclcpp/rclcpp/executors.hpp:21[m[K,
                 from [01m[K/opt/ros/humble/include/rclcpp/rclcpp/rclcpp.hpp:155[m[K,
                 from [01m[K/home/palas21/dev/git/sctAssignments/sctAssignment7/src/joystick_controller/src/turtlesim_client.cpp:2[m[K:
[01m[K/opt/ros/humble/include/builtin_interfaces/builtin_interfaces/msg/detail/duration__struct.hpp:27:11:[m[K [01;36m[Knote: [m[K  ‘[01m[Kbuiltin_interfaces::msg[m[K’
   27 | namespace [01;36m[Kmsg[m[K
      |           [01;36m[K^~~[m[K
In file included from [01m[K/opt/ros/humble/include/rcl_interfaces/rcl_interfaces/msg/set_parameters_result.hpp:7[m[K,
                 from [01m[K/opt/ros/humble/include/rclcpp/rclcpp/qos_overriding_options.hpp:28[m[K,
                 from [01m[K/opt/ros/humble/include/rclcpp/rclcpp/subscription_options.hpp:30[m[K,
                 from [01m[K/opt/ros/humble/include/rclcpp/rclcpp/subscription.hpp:45[m[K,
                 from [01m[K/opt/ros/humble/include/rclcpp/rclcpp/any_executable.hpp:25[m[K,
                 from [01m[K/opt/ros/humble/include/rclcpp/rclcpp/memory_strategy.hpp:25[m[K,
                 from [01m[K/opt/ros/humble/include/rclcpp/rclcpp/memory_strategies.hpp:18[m[K,
                 from [01m[K/opt/ros/humble/include/rclcpp/rclcpp/executor_options.hpp:20[m[K,
                 from [01m[K/opt/ros/humble/include/rclcpp/rclcpp/executor.hpp:37[m[K,
                 from [01m[K/opt/ros/humble/include/rclcpp/rclcpp/executors/multi_threaded_executor.hpp:25[m[K,
                 from [01m[K/opt/ros/humble/include/rclcpp/rclcpp/executors.hpp:21[m[K,
                 from [01m[K/opt/ros/humble/include/rclcpp/rclcpp/rclcpp.hpp:155[m[K,
                 from [01m[K/home/palas21/dev/git/sctAssignments/sctAssignment7/src/joystick_controller/src/turtlesim_client.cpp:2[m[K:
[01m[K/opt/ros/humble/include/rcl_interfaces/rcl_interfaces/msg/detail/set_parameters_result__struct.hpp:27:11:[m[K [01;36m[Knote: [m[K  ‘[01m[Krcl_interfaces::msg[m[K’
   27 | namespace [01;36m[Kmsg[m[K
      |           [01;36m[K^~~[m[K
In file included from [01m[K/opt/ros/humble/include/statistics_msgs/statistics_msgs/msg/detail/metrics_message__struct.hpp:23[m[K,
                 from [01m[K/opt/ros/humble/include/statistics_msgs/statistics_msgs/msg/metrics_message.hpp:7[m[K,
                 from [01m[K/opt/ros/humble/include/libstatistics_collector/libstatistics_collector/collector/generate_statistics_message.hpp:21[m[K,
                 from [01m[K/opt/ros/humble/include/rclcpp/rclcpp/topic_statistics/subscription_topic_statistics.hpp:23[m[K,
                 from [01m[K/opt/ros/humble/include/rclcpp/rclcpp/subscription.hpp:50[m[K,
                 from [01m[K/opt/ros/humble/include/rclcpp/rclcpp/any_executable.hpp:25[m[K,
                 from [01m[K/opt/ros/humble/include/rclcpp/rclcpp/memory_strategy.hpp:25[m[K,
                 from [01m[K/opt/ros/humble/include/rclcpp/rclcpp/memory_strategies.hpp:18[m[K,
                 from [01m[K/opt/ros/humble/include/rclcpp/rclcpp/executor_options.hpp:20[m[K,
                 from [01m[K/opt/ros/humble/include/rclcpp/rclcpp/executor.hpp:37[m[K,
                 from [01m[K/opt/ros/humble/include/rclcpp/rclcpp/executors/multi_threaded_executor.hpp:25[m[K,
                 from [01m[K/opt/ros/humble/include/rclcpp/rclcpp/executors.hpp:21[m[K,
                 from [01m[K/opt/ros/humble/include/rclcpp/rclcpp/rclcpp.hpp:155[m[K,
                 from [01m[K/home/palas21/dev/git/sctAssignments/sctAssignment7/src/joystick_controller/src/turtlesim_client.cpp:2[m[K:
[01m[K/opt/ros/humble/include/statistics_msgs/statistics_msgs/msg/detail/statistic_data_point__struct.hpp:27:11:[m[K [01;36m[Knote: [m[K  ‘[01m[Kstatistics_msgs::msg[m[K’
   27 | namespace [01;36m[Kmsg[m[K
      |           [01;36m[K^~~[m[K
[01m[K/home/palas21/dev/git/sctAssignments/sctAssignment7/src/joystick_controller/src/turtlesim_client.cpp:17:44:[m[K [01;35m[Kwarning: [m[Kunused parameter ‘[01m[Kjoy[m[K’ [[01;35m[K]8;;https://gcc.gnu.org/onlinedocs/gcc/Warning-Options.html#index-Wunused-parameter-Wunused-parameter]8;;[m[K]
   17 |         void joyCallback([01;35m[Ksensor_msgs::msg::joy[m[K msg){
      |                          [01;35m[K~~~~~~~~~~~~~~~~~~^~~[m[K
gmake[2]: *** [CMakeFiles/turtlesim_client.dir/build.make:76: CMakeFiles/turtlesim_client.dir/src/turtlesim_client.cpp.o] Error 1
gmake[1]: *** [CMakeFiles/Makefile2:137: CMakeFiles/turtlesim_client.dir/all] Error 2
gmake: *** [Makefile:146: all] Error 2
