[0.031s] Invoking command in '/home/palas21/dev/git/sctAssignments/sctAssignment7/build/joystick_controller': CMAKE_PREFIX_PATH=/opt/ros/humble /usr/bin/cmake --build /home/palas21/dev/git/sctAssignments/sctAssignment7/build/joystick_controller -- -j12 -l12
[0.052s] -- Found ament_cmake: 1.3.8 (/opt/ros/humble/share/ament_cmake/cmake)
[0.150s] -- Found rclcpp: 16.0.8 (/opt/ros/humble/share/rclcpp/cmake)
[0.176s] -- Found rosidl_generator_c: 3.1.5 (/opt/ros/humble/share/rosidl_generator_c/cmake)
[0.178s] -- Found rosidl_adapter: 3.1.5 (/opt/ros/humble/share/rosidl_adapter/cmake)
[0.183s] -- Found rosidl_generator_cpp: 3.1.5 (/opt/ros/humble/share/rosidl_generator_cpp/cmake)
[0.191s] -- Using all available rosidl_typesupport_c: rosidl_typesupport_fastrtps_c;rosidl_typesupport_introspection_c
[0.203s] -- Using all available rosidl_typesupport_cpp: rosidl_typesupport_fastrtps_cpp;rosidl_typesupport_introspection_cpp
[0.249s] -- Found rmw_implementation_cmake: 6.1.1 (/opt/ros/humble/share/rmw_implementation_cmake/cmake)
[0.250s] -- Found rmw_fastrtps_cpp: 6.2.6 (/opt/ros/humble/share/rmw_fastrtps_cpp/cmake)
[0.361s] -- Using RMW implementation 'rmw_fastrtps_cpp' as default
[0.501s] -- Found sensor_msgs: 4.2.3 (/opt/ros/humble/share/sensor_msgs/cmake)
[0.599s] -- Found ament_lint_auto: 0.12.10 (/opt/ros/humble/share/ament_lint_auto/cmake)
[0.658s] -- Added test 'cppcheck' to perform static code analysis on C / C++ code
[0.659s] -- Configured cppcheck include dirs: /home/palas21/dev/git/sctAssignments/sctAssignment7/src/joystick_controller/include
[0.659s] -- Configured cppcheck exclude dirs and/or files: 
[0.659s] -- Added test 'lint_cmake' to check CMake code style
[0.660s] -- Added test 'uncrustify' to check C / C++ code style
[0.660s] -- Configured uncrustify additional arguments: 
[0.660s] -- Added test 'xmllint' to check XML markup files
[0.661s] -- Configuring done
[0.671s] -- Generating done
[0.819s] -- Build files have been written to: /home/palas21/dev/git/sctAssignments/sctAssignment7/build/joystick_controller
[0.844s] [35m[1mConsolidate compiler generated dependencies of target turtlesim_client[0m
[0.864s] [ 50%] [32mBuilding CXX object CMakeFiles/turtlesim_client.dir/src/turtlesim_client.cpp.o[0m
[1.084s] [01m[K/home/palas21/dev/git/sctAssignments/sctAssignment7/src/joystick_controller/src/turtlesim_client.cpp:2:10:[m[K [01;31m[Kfatal error: [m[Kgeometry_msgs/Twist.h: No such file or directory
[1.084s]     2 | #include [01;31m[K<geometry_msgs/Twist.h>[m[K
[1.084s]       |          [01;31m[K^~~~~~~~~~~~~~~~~~~~~~~[m[K
[1.084s] compilation terminated.
[1.088s] gmake[2]: *** [CMakeFiles/turtlesim_client.dir/build.make:76: CMakeFiles/turtlesim_client.dir/src/turtlesim_client.cpp.o] Error 1
[1.088s] gmake[1]: *** [CMakeFiles/Makefile2:137: CMakeFiles/turtlesim_client.dir/all] Error 2
[1.089s] gmake: *** [Makefile:146: all] Error 2
[1.091s] Invoked command in '/home/palas21/dev/git/sctAssignments/sctAssignment7/build/joystick_controller' returned '2': CMAKE_PREFIX_PATH=/opt/ros/humble /usr/bin/cmake --build /home/palas21/dev/git/sctAssignments/sctAssignment7/build/joystick_controller -- -j12 -l12
