[0.010s] Invoking command in '/home/palas21/dev/git/sctAssignments/sctAssignment7/build/image_converter': CMAKE_PREFIX_PATH=/opt/ros/humble /usr/bin/cmake /home/palas21/dev/git/sctAssignments/sctAssignment7/src/image_converter -DCMAKE_INSTALL_PREFIX=/home/palas21/dev/git/sctAssignments/sctAssignment7/install/image_converter
[1.381s] -- The C compiler identification is GNU 11.4.0
[1.808s] -- The CXX compiler identification is GNU 11.4.0
[1.816s] -- Detecting C compiler ABI info
[1.963s] -- Detecting C compiler ABI info - done
[1.969s] -- Check for working C compiler: /usr/bin/cc - skipped
[1.969s] -- Detecting C compile features
[2.014s] -- Detecting C compile features - done
[2.016s] -- Detecting CXX compiler ABI info
[2.155s] -- Detecting CXX compiler ABI info - done
[2.161s] -- Check for working CXX compiler: /usr/bin/c++ - skipped
[2.162s] -- Detecting CXX compile features
[2.162s] -- Detecting CXX compile features - done
[2.164s] -- Found ament_cmake: 1.3.8 (/opt/ros/humble/share/ament_cmake/cmake)
[2.306s] -- Found Python3: /usr/bin/python3 (found version "3.10.12") found components: Interpreter 
[2.439s] -- Found rclcpp: 16.0.8 (/opt/ros/humble/share/rclcpp/cmake)
[2.489s] -- Found rosidl_generator_c: 3.1.5 (/opt/ros/humble/share/rosidl_generator_c/cmake)
[2.493s] -- Found rosidl_adapter: 3.1.5 (/opt/ros/humble/share/rosidl_adapter/cmake)
[2.500s] -- Found rosidl_generator_cpp: 3.1.5 (/opt/ros/humble/share/rosidl_generator_cpp/cmake)
[2.528s] -- Using all available rosidl_typesupport_c: rosidl_typesupport_fastrtps_c;rosidl_typesupport_introspection_c
[2.556s] -- Using all available rosidl_typesupport_cpp: rosidl_typesupport_fastrtps_cpp;rosidl_typesupport_introspection_cpp
[2.614s] -- Found rmw_implementation_cmake: 6.1.1 (/opt/ros/humble/share/rmw_implementation_cmake/cmake)
[2.616s] -- Found rmw_fastrtps_cpp: 6.2.6 (/opt/ros/humble/share/rmw_fastrtps_cpp/cmake)
[2.836s] -- Found OpenSSL: /usr/lib/x86_64-linux-gnu/libcrypto.so (found version "3.0.2")  
[2.864s] -- Found FastRTPS: /opt/ros/humble/include  
[2.912s] -- Using RMW implementation 'rmw_fastrtps_cpp' as default
[2.930s] -- Looking for pthread.h
[3.037s] -- Looking for pthread.h - found
[3.038s] -- Performing Test CMAKE_HAVE_LIBC_PTHREAD
[3.116s] -- Performing Test CMAKE_HAVE_LIBC_PTHREAD - Success
[3.117s] -- Found Threads: TRUE  
[3.275s] -- Found cv_bridge: 3.2.1 (/opt/ros/humble/share/cv_bridge/cmake)
[3.412s] -- Found OpenCV: /usr (found version "4.5.4") 
[3.414s] -- Found ament_lint_auto: 0.12.10 (/opt/ros/humble/share/ament_lint_auto/cmake)
[3.483s] -- Added test 'cppcheck' to perform static code analysis on C / C++ code
[3.483s] -- Configured cppcheck include dirs: 
[3.483s] -- Configured cppcheck exclude dirs and/or files: 
[3.484s] -- Added test 'flake8' to check Python code syntax and style conventions
[3.484s] -- Added test 'lint_cmake' to check CMake code style
[3.485s] -- Added test 'pep257' to check Python code against some of the docstring style conventions in PEP 257
[3.486s] -- Added test 'uncrustify' to check C / C++ code style
[3.486s] -- Configured uncrustify additional arguments: 
[3.486s] -- Added test 'xmllint' to check XML markup files
[3.488s] -- Configuring done
[3.505s] -- Generating done
[3.506s] -- Build files have been written to: /home/palas21/dev/git/sctAssignments/sctAssignment7/build/image_converter
[3.515s] Invoked command in '/home/palas21/dev/git/sctAssignments/sctAssignment7/build/image_converter' returned '0': CMAKE_PREFIX_PATH=/opt/ros/humble /usr/bin/cmake /home/palas21/dev/git/sctAssignments/sctAssignment7/src/image_converter -DCMAKE_INSTALL_PREFIX=/home/palas21/dev/git/sctAssignments/sctAssignment7/install/image_converter
[3.517s] Invoking command in '/home/palas21/dev/git/sctAssignments/sctAssignment7/build/image_converter': CMAKE_PREFIX_PATH=/opt/ros/humble /usr/bin/cmake --build /home/palas21/dev/git/sctAssignments/sctAssignment7/build/image_converter -- -j12 -l12
[3.564s] [ 50%] [32mBuilding CXX object CMakeFiles/image_publisher.dir/src/image_publisher.cpp.o[0m
[3.564s] [ 50%] [32mBuilding CXX object CMakeFiles/image_subscriber.dir/src/image_subscriber.cpp.o[0m
[9.601s] [ 75%] [32m[1mLinking CXX executable image_publisher[0m
[12.283s] [100%] [32m[1mLinking CXX executable image_subscriber[0m
[13.614s] [100%] Built target image_publisher
[13.730s] [100%] Built target image_subscriber
