[0.010s] Invoking command in '/home/palas21/dev/git/sctAssignments/sctAssignment7/build/joystick_controller': CMAKE_PREFIX_PATH=/opt/ros/humble /usr/bin/cmake --build /home/palas21/dev/git/sctAssignments/sctAssignment7/build/joystick_controller -- -j12 -l12
[0.050s] [35m[1mConsolidate compiler generated dependencies of target turtlesim_client[0m
[0.071s] [ 50%] [32mBuilding CXX object CMakeFiles/turtlesim_client.dir/src/turtlesim_client.cpp.o[0m
[9.459s] [100%] [32m[1mLinking CXX executable turtlesim_client[0m
[10.325s] [100%] Built target turtlesim_client
[10.336s] Invoked command in '/home/palas21/dev/git/sctAssignments/sctAssignment7/build/joystick_controller' returned '0': CMAKE_PREFIX_PATH=/opt/ros/humble /usr/bin/cmake --build /home/palas21/dev/git/sctAssignments/sctAssignment7/build/joystick_controller -- -j12 -l12
[10.371s] Invoking command in '/home/palas21/dev/git/sctAssignments/sctAssignment7/build/joystick_controller': CMAKE_PREFIX_PATH=/opt/ros/humble /usr/bin/cmake --install /home/palas21/dev/git/sctAssignments/sctAssignment7/build/joystick_controller
[10.378s] -- Install configuration: ""
[10.422s] -- Installing: /home/palas21/dev/git/sctAssignments/sctAssignment7/install/joystick_controller/lib/joystick_controller/turtlesim_client
[10.431s] -- Set runtime path of "/home/palas21/dev/git/sctAssignments/sctAssignment7/install/joystick_controller/lib/joystick_controller/turtlesim_client" to ""
[10.431s] -- Installing: /home/palas21/dev/git/sctAssignments/sctAssignment7/install/joystick_controller/share/ament_index/resource_index/package_run_dependencies/joystick_controller
[10.432s] -- Installing: /home/palas21/dev/git/sctAssignments/sctAssignment7/install/joystick_controller/share/ament_index/resource_index/parent_prefix_path/joystick_controller
[10.432s] -- Up-to-date: /home/palas21/dev/git/sctAssignments/sctAssignment7/install/joystick_controller/share/joystick_controller/environment/ament_prefix_path.sh
[10.432s] -- Installing: /home/palas21/dev/git/sctAssignments/sctAssignment7/install/joystick_controller/share/joystick_controller/environment/ament_prefix_path.dsv
[10.432s] -- Up-to-date: /home/palas21/dev/git/sctAssignments/sctAssignment7/install/joystick_controller/share/joystick_controller/environment/path.sh
[10.432s] -- Installing: /home/palas21/dev/git/sctAssignments/sctAssignment7/install/joystick_controller/share/joystick_controller/environment/path.dsv
[10.432s] -- Up-to-date: /home/palas21/dev/git/sctAssignments/sctAssignment7/install/joystick_controller/share/joystick_controller/local_setup.bash
[10.432s] -- Up-to-date: /home/palas21/dev/git/sctAssignments/sctAssignment7/install/joystick_controller/share/joystick_controller/local_setup.sh
[10.432s] -- Up-to-date: /home/palas21/dev/git/sctAssignments/sctAssignment7/install/joystick_controller/share/joystick_controller/local_setup.zsh
[10.432s] -- Installing: /home/palas21/dev/git/sctAssignments/sctAssignment7/install/joystick_controller/share/joystick_controller/local_setup.dsv
[10.432s] -- Installing: /home/palas21/dev/git/sctAssignments/sctAssignment7/install/joystick_controller/share/joystick_controller/package.dsv
[10.433s] -- Up-to-date: /home/palas21/dev/git/sctAssignments/sctAssignment7/install/joystick_controller/share/ament_index/resource_index/packages/joystick_controller
[10.433s] -- Up-to-date: /home/palas21/dev/git/sctAssignments/sctAssignment7/install/joystick_controller/share/joystick_controller/cmake/joystick_controllerConfig.cmake
[10.433s] -- Up-to-date: /home/palas21/dev/git/sctAssignments/sctAssignment7/install/joystick_controller/share/joystick_controller/cmake/joystick_controllerConfig-version.cmake
[10.433s] -- Installing: /home/palas21/dev/git/sctAssignments/sctAssignment7/install/joystick_controller/share/joystick_controller/package.xml
[10.435s] Invoked command in '/home/palas21/dev/git/sctAssignments/sctAssignment7/build/joystick_controller' returned '0': CMAKE_PREFIX_PATH=/opt/ros/humble /usr/bin/cmake --install /home/palas21/dev/git/sctAssignments/sctAssignment7/build/joystick_controller
