[0.009s] Invoking command in '/home/palas21/dev/git/sctAssignments/sctAssignment7/build/joystick_controller': CMAKE_PREFIX_PATH=/opt/ros/humble /usr/bin/cmake --build /home/palas21/dev/git/sctAssignments/sctAssignment7/build/joystick_controller -- -j12 -l12
[0.047s] [35m[1mConsolidate compiler generated dependencies of target turtlesim_client[0m
[0.066s] [ 50%] [32mBuilding CXX object CMakeFiles/turtlesim_client.dir/src/turtlesim_client.cpp.o[0m
[7.865s] [100%] [32m[1mLinking CXX executable turtlesim_client[0m
[8.242s] [100%] Built target turtlesim_client
[8.252s] Invoked command in '/home/palas21/dev/git/sctAssignments/sctAssignment7/build/joystick_controller' returned '0': CMAKE_PREFIX_PATH=/opt/ros/humble /usr/bin/cmake --build /home/palas21/dev/git/sctAssignments/sctAssignment7/build/joystick_controller -- -j12 -l12
[8.284s] Invoking command in '/home/palas21/dev/git/sctAssignments/sctAssignment7/build/joystick_controller': CMAKE_PREFIX_PATH=/opt/ros/humble /usr/bin/cmake --install /home/palas21/dev/git/sctAssignments/sctAssignment7/build/joystick_controller
[8.291s] -- Install configuration: ""
[8.291s] -- Installing: /home/palas21/dev/git/sctAssignments/sctAssignment7/install/joystick_controller/lib/joystick_controller/turtlesim_client
[8.301s] -- Set runtime path of "/home/palas21/dev/git/sctAssignments/sctAssignment7/install/joystick_controller/lib/joystick_controller/turtlesim_client" to ""
[8.301s] -- Up-to-date: /home/palas21/dev/git/sctAssignments/sctAssignment7/install/joystick_controller/share/ament_index/resource_index/package_run_dependencies/joystick_controller
[8.301s] -- Up-to-date: /home/palas21/dev/git/sctAssignments/sctAssignment7/install/joystick_controller/share/ament_index/resource_index/parent_prefix_path/joystick_controller
[8.301s] -- Up-to-date: /home/palas21/dev/git/sctAssignments/sctAssignment7/install/joystick_controller/share/joystick_controller/environment/ament_prefix_path.sh
[8.301s] -- Up-to-date: /home/palas21/dev/git/sctAssignments/sctAssignment7/install/joystick_controller/share/joystick_controller/environment/ament_prefix_path.dsv
[8.301s] -- Up-to-date: /home/palas21/dev/git/sctAssignments/sctAssignment7/install/joystick_controller/share/joystick_controller/environment/path.sh
[8.301s] -- Up-to-date: /home/palas21/dev/git/sctAssignments/sctAssignment7/install/joystick_controller/share/joystick_controller/environment/path.dsv
[8.302s] -- Up-to-date: /home/palas21/dev/git/sctAssignments/sctAssignment7/install/joystick_controller/share/joystick_controller/local_setup.bash
[8.302s] -- Up-to-date: /home/palas21/dev/git/sctAssignments/sctAssignment7/install/joystick_controller/share/joystick_controller/local_setup.sh
[8.302s] -- Up-to-date: /home/palas21/dev/git/sctAssignments/sctAssignment7/install/joystick_controller/share/joystick_controller/local_setup.zsh
[8.302s] -- Up-to-date: /home/palas21/dev/git/sctAssignments/sctAssignment7/install/joystick_controller/share/joystick_controller/local_setup.dsv
[8.302s] -- Installing: /home/palas21/dev/git/sctAssignments/sctAssignment7/install/joystick_controller/share/joystick_controller/package.dsv
[8.302s] -- Up-to-date: /home/palas21/dev/git/sctAssignments/sctAssignment7/install/joystick_controller/share/ament_index/resource_index/packages/joystick_controller
[8.302s] -- Up-to-date: /home/palas21/dev/git/sctAssignments/sctAssignment7/install/joystick_controller/share/joystick_controller/cmake/joystick_controllerConfig.cmake
[8.302s] -- Up-to-date: /home/palas21/dev/git/sctAssignments/sctAssignment7/install/joystick_controller/share/joystick_controller/cmake/joystick_controllerConfig-version.cmake
[8.302s] -- Up-to-date: /home/palas21/dev/git/sctAssignments/sctAssignment7/install/joystick_controller/share/joystick_controller/package.xml
[8.304s] Invoked command in '/home/palas21/dev/git/sctAssignments/sctAssignment7/build/joystick_controller' returned '0': CMAKE_PREFIX_PATH=/opt/ros/humble /usr/bin/cmake --install /home/palas21/dev/git/sctAssignments/sctAssignment7/build/joystick_controller
