[0.010s] Invoking command in '/home/palas21/dev/git/sctAssignments/sctAssignment7/build/joystick_controller': CMAKE_PREFIX_PATH=${CMAKE_PREFIX_PATH}:/opt/ros/humble /usr/bin/cmake --build /home/palas21/dev/git/sctAssignments/sctAssignment7/build/joystick_controller -- -j12 -l12
[0.060s] [ 50%] [32mBuilding CXX object CMakeFiles/turtlesim_client.dir/src/turtlesim_client.cpp.o[0m
[2.011s] In file included from [01m[K/opt/ros/humble/include/rclcpp/rclcpp/logging.hpp:24[m[K,
[2.012s]                  from [01m[K/opt/ros/humble/include/rclcpp/rclcpp/client.hpp:40[m[K,
[2.012s]                  from [01m[K/opt/ros/humble/include/rclcpp/rclcpp/callback_group.hpp:24[m[K,
[2.012s]                  from [01m[K/opt/ros/humble/include/rclcpp/rclcpp/any_executable.hpp:20[m[K,
[2.012s]                  from [01m[K/opt/ros/humble/include/rclcpp/rclcpp/memory_strategy.hpp:25[m[K,
[2.012s]                  from [01m[K/opt/ros/humble/include/rclcpp/rclcpp/memory_strategies.hpp:18[m[K,
[2.012s]                  from [01m[K/opt/ros/humble/include/rclcpp/rclcpp/executor_options.hpp:20[m[K,
[2.012s]                  from [01m[K/opt/ros/humble/include/rclcpp/rclcpp/executor.hpp:37[m[K,
[2.012s]                  from [01m[K/opt/ros/humble/include/rclcpp/rclcpp/executors/multi_threaded_executor.hpp:25[m[K,
[2.012s]                  from [01m[K/opt/ros/humble/include/rclcpp/rclcpp/executors.hpp:21[m[K,
[2.012s]                  from [01m[K/opt/ros/humble/include/rclcpp/rclcpp/rclcpp.hpp:155[m[K,
[2.012s]                  from [01m[K/home/palas21/dev/git/sctAssignments/sctAssignment7/src/joystick_controller/src/turtlesim_client.cpp:1[m[K:
[2.012s] [01m[K/home/palas21/dev/git/sctAssignments/sctAssignment7/src/joystick_controller/src/turtlesim_client.cpp:[m[K In member function ‘[01m[Kvoid TurtlesimClient::joyCallback(sensor_msgs::msg::Joy)[m[K’:
[2.012s] [01m[K/home/palas21/dev/git/sctAssignments/sctAssignment7/src/joystick_controller/src/turtlesim_client.cpp:18:45:[m[K [01;35m[Kwarning: [m[Kformat ‘[01m[K%s[m[K’ expects argument of type ‘[01m[Kchar*[m[K’, but argument 5 has type ‘[01m[Ksensor_msgs::msg::Joy[m[K’ {aka ‘[01m[Ksensor_msgs::msg::Joy_<std::allocator<void> >[m[K’} [[01;35m[K]8;;https://gcc.gnu.org/onlinedocs/gcc/Warning-Options.html#index-Wformat=-Wformat=]8;;[m[K]
[2.012s]    18 |             RCLCPP_INFO(this->get_logger(), [01;35m[K"Received joy message: %s"[m[K, msg);
[2.012s]       |                                             [01;35m[K^~~~~~~~~~~~~~~~~~~~~~~~~~[m[K
[2.012s] [01m[K/home/palas21/dev/git/sctAssignments/sctAssignment7/src/joystick_controller/src/turtlesim_client.cpp:18:69:[m[K [01;36m[Knote: [m[Kformat string is defined here
[2.012s]    18 |             RCLCPP_INFO(this->get_logger(), "Received joy message: [01;36m[K%s[m[K", msg);
[2.012s]       |                                                                    [01;36m[K~^[m[K
[2.012s]       |                                                                     [01;36m[K|[m[K
[2.013s]       |                                                                     [01;36m[Kchar*[m[K
[6.641s] [100%] [32m[1mLinking CXX executable turtlesim_client[0m
[6.957s] [100%] Built target turtlesim_client
[6.968s] Invoked command in '/home/palas21/dev/git/sctAssignments/sctAssignment7/build/joystick_controller' returned '0': CMAKE_PREFIX_PATH=${CMAKE_PREFIX_PATH}:/opt/ros/humble /usr/bin/cmake --build /home/palas21/dev/git/sctAssignments/sctAssignment7/build/joystick_controller -- -j12 -l12
[6.999s] Invoking command in '/home/palas21/dev/git/sctAssignments/sctAssignment7/build/joystick_controller': CMAKE_PREFIX_PATH=${CMAKE_PREFIX_PATH}:/opt/ros/humble /usr/bin/cmake --install /home/palas21/dev/git/sctAssignments/sctAssignment7/build/joystick_controller
[7.006s] -- Install configuration: ""
[7.006s] -- Installing: /home/palas21/dev/git/sctAssignments/sctAssignment7/install/joystick_controller/lib/joystick_controller/turtlesim_client
[7.011s] -- Set runtime path of "/home/palas21/dev/git/sctAssignments/sctAssignment7/install/joystick_controller/lib/joystick_controller/turtlesim_client" to ""
[7.011s] -- Up-to-date: /home/palas21/dev/git/sctAssignments/sctAssignment7/install/joystick_controller/share/ament_index/resource_index/package_run_dependencies/joystick_controller
[7.011s] -- Up-to-date: /home/palas21/dev/git/sctAssignments/sctAssignment7/install/joystick_controller/share/ament_index/resource_index/parent_prefix_path/joystick_controller
[7.011s] -- Up-to-date: /home/palas21/dev/git/sctAssignments/sctAssignment7/install/joystick_controller/share/joystick_controller/environment/ament_prefix_path.sh
[7.011s] -- Up-to-date: /home/palas21/dev/git/sctAssignments/sctAssignment7/install/joystick_controller/share/joystick_controller/environment/ament_prefix_path.dsv
[7.011s] -- Up-to-date: /home/palas21/dev/git/sctAssignments/sctAssignment7/install/joystick_controller/share/joystick_controller/environment/path.sh
[7.011s] -- Up-to-date: /home/palas21/dev/git/sctAssignments/sctAssignment7/install/joystick_controller/share/joystick_controller/environment/path.dsv
[7.011s] -- Up-to-date: /home/palas21/dev/git/sctAssignments/sctAssignment7/install/joystick_controller/share/joystick_controller/local_setup.bash
[7.012s] -- Up-to-date: /home/palas21/dev/git/sctAssignments/sctAssignment7/install/joystick_controller/share/joystick_controller/local_setup.sh
[7.012s] -- Up-to-date: /home/palas21/dev/git/sctAssignments/sctAssignment7/install/joystick_controller/share/joystick_controller/local_setup.zsh
[7.012s] -- Up-to-date: /home/palas21/dev/git/sctAssignments/sctAssignment7/install/joystick_controller/share/joystick_controller/local_setup.dsv
[7.012s] -- Installing: /home/palas21/dev/git/sctAssignments/sctAssignment7/install/joystick_controller/share/joystick_controller/package.dsv
[7.012s] -- Up-to-date: /home/palas21/dev/git/sctAssignments/sctAssignment7/install/joystick_controller/share/ament_index/resource_index/packages/joystick_controller
[7.012s] -- Up-to-date: /home/palas21/dev/git/sctAssignments/sctAssignment7/install/joystick_controller/share/joystick_controller/cmake/joystick_controllerConfig.cmake
[7.012s] -- Up-to-date: /home/palas21/dev/git/sctAssignments/sctAssignment7/install/joystick_controller/share/joystick_controller/cmake/joystick_controllerConfig-version.cmake
[7.012s] -- Up-to-date: /home/palas21/dev/git/sctAssignments/sctAssignment7/install/joystick_controller/share/joystick_controller/package.xml
[7.013s] Invoked command in '/home/palas21/dev/git/sctAssignments/sctAssignment7/build/joystick_controller' returned '0': CMAKE_PREFIX_PATH=${CMAKE_PREFIX_PATH}:/opt/ros/humble /usr/bin/cmake --install /home/palas21/dev/git/sctAssignments/sctAssignment7/build/joystick_controller
