[0.118s] DEBUG:colcon:Command line arguments: ['/home/palas21/.local/bin/colcon', 'build', '--packages-select', 'joystick_controller']
[0.118s] DEBUG:colcon:Parsed command line arguments: Namespace(log_base=None, log_level=None, verb_name='build', build_base='build', install_base='install', merge_install=False, symlink_install=False, test_result_base=None, continue_on_error=False, executor='parallel', parallel_workers=12, event_handlers=None, ignore_user_meta=False, metas=['./colcon.meta'], base_paths=['.'], packages_ignore=None, packages_ignore_regex=None, paths=None, packages_up_to=None, packages_up_to_regex=None, packages_above=None, packages_above_and_dependencies=None, packages_above_depth=None, packages_select_by_dep=None, packages_skip_by_dep=None, packages_skip_up_to=None, packages_select_build_failed=False, packages_skip_build_finished=False, packages_select_test_failures=False, packages_skip_test_passed=False, packages_select=['joystick_controller'], packages_skip=None, packages_select_regex=None, packages_skip_regex=None, packages_start=None, packages_end=None, allow_overriding=[], cmake_args=None, cmake_target=None, cmake_target_skip_unavailable=False, cmake_clean_cache=False, cmake_clean_first=False, cmake_force_configure=False, ament_cmake_args=None, catkin_cmake_args=None, catkin_skip_building_tests=False, verb_parser=<colcon_defaults.argument_parser.defaults.DefaultArgumentsDecorator object at 0x7c7b908dfe80>, verb_extension=<colcon_core.verb.build.BuildVerb object at 0x7c7b908de740>, main=<bound method BuildVerb.main of <colcon_core.verb.build.BuildVerb object at 0x7c7b908de740>>)
[0.248s] Level 1:colcon.colcon_core.package_discovery:discover_packages(colcon_meta) check parameters
[0.248s] Level 1:colcon.colcon_core.package_discovery:discover_packages(recursive) check parameters
[0.248s] Level 1:colcon.colcon_core.package_discovery:discover_packages(ignore) check parameters
[0.248s] Level 1:colcon.colcon_core.package_discovery:discover_packages(path) check parameters
[0.248s] Level 1:colcon.colcon_core.package_discovery:discover_packages(colcon_meta) discover
[0.248s] Level 1:colcon.colcon_core.package_discovery:discover_packages(recursive) discover
[0.248s] INFO:colcon.colcon_core.package_discovery:Crawling recursively for packages in '/home/palas21/dev/git/sctAssignments/sctAssignment7'
[0.248s] Level 1:colcon.colcon_core.package_identification:_identify(.) by extensions ['ignore', 'ignore_ament_install']
[0.248s] Level 1:colcon.colcon_core.package_identification:_identify(.) by extension 'ignore'
[0.248s] Level 1:colcon.colcon_core.package_identification:_identify(.) by extension 'ignore_ament_install'
[0.248s] Level 1:colcon.colcon_core.package_identification:_identify(.) by extensions ['colcon_pkg']
[0.248s] Level 1:colcon.colcon_core.package_identification:_identify(.) by extension 'colcon_pkg'
[0.249s] Level 1:colcon.colcon_core.package_identification:_identify(.) by extensions ['colcon_meta']
[0.249s] Level 1:colcon.colcon_core.package_identification:_identify(.) by extension 'colcon_meta'
[0.249s] Level 1:colcon.colcon_core.package_identification:_identify(.) by extensions ['ros']
[0.249s] Level 1:colcon.colcon_core.package_identification:_identify(.) by extension 'ros'
[0.261s] Level 1:colcon.colcon_core.package_identification:_identify(.) by extensions ['cmake', 'python']
[0.261s] Level 1:colcon.colcon_core.package_identification:_identify(.) by extension 'cmake'
[0.261s] Level 1:colcon.colcon_core.package_identification:_identify(.) by extension 'python'
[0.261s] Level 1:colcon.colcon_core.package_identification:_identify(.) by extensions ['python_setup_py']
[0.261s] Level 1:colcon.colcon_core.package_identification:_identify(.) by extension 'python_setup_py'
[0.261s] Level 1:colcon.colcon_core.package_identification:_identify(build) by extensions ['ignore', 'ignore_ament_install']
[0.261s] Level 1:colcon.colcon_core.package_identification:_identify(build) by extension 'ignore'
[0.261s] Level 1:colcon.colcon_core.package_identification:_identify(build) ignored
[0.262s] Level 1:colcon.colcon_core.package_identification:_identify(install) by extensions ['ignore', 'ignore_ament_install']
[0.262s] Level 1:colcon.colcon_core.package_identification:_identify(install) by extension 'ignore'
[0.262s] Level 1:colcon.colcon_core.package_identification:_identify(install) ignored
[0.262s] Level 1:colcon.colcon_core.package_identification:_identify(log) by extensions ['ignore', 'ignore_ament_install']
[0.262s] Level 1:colcon.colcon_core.package_identification:_identify(log) by extension 'ignore'
[0.262s] Level 1:colcon.colcon_core.package_identification:_identify(log) ignored
[0.262s] Level 1:colcon.colcon_core.package_identification:_identify(src) by extensions ['ignore', 'ignore_ament_install']
[0.262s] Level 1:colcon.colcon_core.package_identification:_identify(src) by extension 'ignore'
[0.262s] Level 1:colcon.colcon_core.package_identification:_identify(src) by extension 'ignore_ament_install'
[0.262s] Level 1:colcon.colcon_core.package_identification:_identify(src) by extensions ['colcon_pkg']
[0.262s] Level 1:colcon.colcon_core.package_identification:_identify(src) by extension 'colcon_pkg'
[0.262s] Level 1:colcon.colcon_core.package_identification:_identify(src) by extensions ['colcon_meta']
[0.262s] Level 1:colcon.colcon_core.package_identification:_identify(src) by extension 'colcon_meta'
[0.262s] Level 1:colcon.colcon_core.package_identification:_identify(src) by extensions ['ros']
[0.262s] Level 1:colcon.colcon_core.package_identification:_identify(src) by extension 'ros'
[0.262s] Level 1:colcon.colcon_core.package_identification:_identify(src) by extensions ['cmake', 'python']
[0.262s] Level 1:colcon.colcon_core.package_identification:_identify(src) by extension 'cmake'
[0.262s] Level 1:colcon.colcon_core.package_identification:_identify(src) by extension 'python'
[0.262s] Level 1:colcon.colcon_core.package_identification:_identify(src) by extensions ['python_setup_py']
[0.262s] Level 1:colcon.colcon_core.package_identification:_identify(src) by extension 'python_setup_py'
[0.262s] Level 1:colcon.colcon_core.package_identification:_identify(src/image_converter) by extensions ['ignore', 'ignore_ament_install']
[0.263s] Level 1:colcon.colcon_core.package_identification:_identify(src/image_converter) by extension 'ignore'
[0.263s] Level 1:colcon.colcon_core.package_identification:_identify(src/image_converter) by extension 'ignore_ament_install'
[0.263s] Level 1:colcon.colcon_core.package_identification:_identify(src/image_converter) by extensions ['colcon_pkg']
[0.263s] Level 1:colcon.colcon_core.package_identification:_identify(src/image_converter) by extension 'colcon_pkg'
[0.263s] Level 1:colcon.colcon_core.package_identification:_identify(src/image_converter) by extensions ['colcon_meta']
[0.263s] Level 1:colcon.colcon_core.package_identification:_identify(src/image_converter) by extension 'colcon_meta'
[0.263s] Level 1:colcon.colcon_core.package_identification:_identify(src/image_converter) by extensions ['ros']
[0.263s] Level 1:colcon.colcon_core.package_identification:_identify(src/image_converter) by extension 'ros'
[0.265s] DEBUG:colcon.colcon_core.package_identification:Package 'src/image_converter' with type 'ros.ament_cmake' and name 'image_converter'
[0.265s] Level 1:colcon.colcon_core.package_identification:_identify(src/joystick_controller) by extensions ['ignore', 'ignore_ament_install']
[0.265s] Level 1:colcon.colcon_core.package_identification:_identify(src/joystick_controller) by extension 'ignore'
[0.265s] Level 1:colcon.colcon_core.package_identification:_identify(src/joystick_controller) by extension 'ignore_ament_install'
[0.265s] Level 1:colcon.colcon_core.package_identification:_identify(src/joystick_controller) by extensions ['colcon_pkg']
[0.265s] Level 1:colcon.colcon_core.package_identification:_identify(src/joystick_controller) by extension 'colcon_pkg'
[0.266s] Level 1:colcon.colcon_core.package_identification:_identify(src/joystick_controller) by extensions ['colcon_meta']
[0.266s] Level 1:colcon.colcon_core.package_identification:_identify(src/joystick_controller) by extension 'colcon_meta'
[0.266s] Level 1:colcon.colcon_core.package_identification:_identify(src/joystick_controller) by extensions ['ros']
[0.266s] Level 1:colcon.colcon_core.package_identification:_identify(src/joystick_controller) by extension 'ros'
[0.266s] DEBUG:colcon.colcon_core.package_identification:Package 'src/joystick_controller' with type 'ros.ament_cmake' and name 'joystick_controller'
[0.266s] Level 1:colcon.colcon_core.package_discovery:discover_packages(recursive) using defaults
[0.266s] Level 1:colcon.colcon_core.package_discovery:discover_packages(ignore) discover
[0.266s] Level 1:colcon.colcon_core.package_discovery:discover_packages(ignore) using defaults
[0.266s] Level 1:colcon.colcon_core.package_discovery:discover_packages(path) discover
[0.266s] Level 1:colcon.colcon_core.package_discovery:discover_packages(path) using defaults
[0.281s] INFO:colcon.colcon_core.package_selection:Skipping not selected package 'image_converter' in 'src/image_converter'
[0.282s] Level 1:colcon.colcon_core.package_discovery:discover_packages(prefix_path) check parameters
[0.282s] Level 1:colcon.colcon_core.package_discovery:discover_packages(prefix_path) discover
[0.284s] DEBUG:colcon.colcon_installed_package_information.package_discovery:Found 241 installed packages in /opt/ros/humble
[0.285s] Level 1:colcon.colcon_core.package_discovery:discover_packages(prefix_path) using defaults
[0.305s] ERROR:colcon.colcon_core.package_augmentation:Exception in package augmentation extension 'python': 
Traceback (most recent call last):
  File "/usr/lib/python3/dist-packages/colcon_core/package_augmentation/__init__.py", line 97, in augment_packages
    retval = extension.augment_packages(
  File "/usr/lib/python3/dist-packages/colcon_installed_package_information/package_augmentation/python.py", line 44, in augment_packages
    dist = next(iter(dists))
StopIteration

[0.308s] Level 5:colcon.colcon_core.verb:set package 'joystick_controller' build argument 'cmake_args' from command line to 'None'
[0.309s] Level 5:colcon.colcon_core.verb:set package 'joystick_controller' build argument 'cmake_target' from command line to 'None'
[0.309s] Level 5:colcon.colcon_core.verb:set package 'joystick_controller' build argument 'cmake_target_skip_unavailable' from command line to 'False'
[0.309s] Level 5:colcon.colcon_core.verb:set package 'joystick_controller' build argument 'cmake_clean_cache' from command line to 'False'
[0.309s] Level 5:colcon.colcon_core.verb:set package 'joystick_controller' build argument 'cmake_clean_first' from command line to 'False'
[0.309s] Level 5:colcon.colcon_core.verb:set package 'joystick_controller' build argument 'cmake_force_configure' from command line to 'False'
[0.309s] Level 5:colcon.colcon_core.verb:set package 'joystick_controller' build argument 'ament_cmake_args' from command line to 'None'
[0.309s] Level 5:colcon.colcon_core.verb:set package 'joystick_controller' build argument 'catkin_cmake_args' from command line to 'None'
[0.309s] Level 5:colcon.colcon_core.verb:set package 'joystick_controller' build argument 'catkin_skip_building_tests' from command line to 'False'
[0.309s] DEBUG:colcon.colcon_core.verb:Building package 'joystick_controller' with the following arguments: {'ament_cmake_args': None, 'build_base': '/home/palas21/dev/git/sctAssignments/sctAssignment7/build/joystick_controller', 'catkin_cmake_args': None, 'catkin_skip_building_tests': False, 'cmake_args': None, 'cmake_clean_cache': False, 'cmake_clean_first': False, 'cmake_force_configure': False, 'cmake_target': None, 'cmake_target_skip_unavailable': False, 'install_base': '/home/palas21/dev/git/sctAssignments/sctAssignment7/install/joystick_controller', 'merge_install': False, 'path': '/home/palas21/dev/git/sctAssignments/sctAssignment7/src/joystick_controller', 'symlink_install': False, 'test_result_base': None}
[0.309s] INFO:colcon.colcon_core.executor:Executing jobs using 'parallel' executor
[0.310s] DEBUG:colcon.colcon_parallel_executor.executor.parallel:run_until_complete
[0.310s] INFO:colcon.colcon_ros.task.ament_cmake.build:Building ROS package in '/home/palas21/dev/git/sctAssignments/sctAssignment7/src/joystick_controller' with build type 'ament_cmake'
[0.310s] INFO:colcon.colcon_cmake.task.cmake.build:Building CMake package in '/home/palas21/dev/git/sctAssignments/sctAssignment7/src/joystick_controller'
[0.312s] INFO:colcon.colcon_core.plugin_system:Skipping extension 'colcon_core.shell.bat': Not used on non-Windows systems
[0.312s] INFO:colcon.colcon_core.shell:Skip shell extension 'powershell' for command environment: Not usable outside of PowerShell
[0.312s] DEBUG:colcon.colcon_core.shell:Skip shell extension 'dsv' for command environment
[0.320s] DEBUG:colcon.colcon_core.event_handler.log_command:Invoking command in '/home/palas21/dev/git/sctAssignments/sctAssignment7/build/joystick_controller': CMAKE_PREFIX_PATH=/opt/ros/humble /usr/bin/cmake --build /home/palas21/dev/git/sctAssignments/sctAssignment7/build/joystick_controller -- -j12 -l12
[8.563s] DEBUG:colcon.colcon_core.event_handler.log_command:Invoked command in '/home/palas21/dev/git/sctAssignments/sctAssignment7/build/joystick_controller' returned '0': CMAKE_PREFIX_PATH=/opt/ros/humble /usr/bin/cmake --build /home/palas21/dev/git/sctAssignments/sctAssignment7/build/joystick_controller -- -j12 -l12
[8.595s] DEBUG:colcon.colcon_core.event_handler.log_command:Invoking command in '/home/palas21/dev/git/sctAssignments/sctAssignment7/build/joystick_controller': CMAKE_PREFIX_PATH=/opt/ros/humble /usr/bin/cmake --install /home/palas21/dev/git/sctAssignments/sctAssignment7/build/joystick_controller
[8.614s] Level 1:colcon.colcon_core.environment:create_environment_scripts_only(joystick_controller)
[8.614s] DEBUG:colcon.colcon_core.event_handler.log_command:Invoked command in '/home/palas21/dev/git/sctAssignments/sctAssignment7/build/joystick_controller' returned '0': CMAKE_PREFIX_PATH=/opt/ros/humble /usr/bin/cmake --install /home/palas21/dev/git/sctAssignments/sctAssignment7/build/joystick_controller
[8.617s] Level 1:colcon.colcon_core.environment:checking '/home/palas21/dev/git/sctAssignments/sctAssignment7/install/joystick_controller' for CMake module files
[8.618s] Level 1:colcon.colcon_core.environment:checking '/home/palas21/dev/git/sctAssignments/sctAssignment7/install/joystick_controller' for CMake config files
[8.618s] Level 1:colcon.colcon_core.shell:create_environment_hook('joystick_controller', 'cmake_prefix_path')
[8.618s] INFO:colcon.colcon_core.shell:Creating environment hook '/home/palas21/dev/git/sctAssignments/sctAssignment7/install/joystick_controller/share/joystick_controller/hook/cmake_prefix_path.ps1'
[8.619s] INFO:colcon.colcon_core.shell:Creating environment descriptor '/home/palas21/dev/git/sctAssignments/sctAssignment7/install/joystick_controller/share/joystick_controller/hook/cmake_prefix_path.dsv'
[8.619s] INFO:colcon.colcon_core.shell:Creating environment hook '/home/palas21/dev/git/sctAssignments/sctAssignment7/install/joystick_controller/share/joystick_controller/hook/cmake_prefix_path.sh'
[8.620s] Level 1:colcon.colcon_core.environment:checking '/home/palas21/dev/git/sctAssignments/sctAssignment7/install/joystick_controller/lib'
[8.620s] Level 1:colcon.colcon_core.environment:checking '/home/palas21/dev/git/sctAssignments/sctAssignment7/install/joystick_controller/bin'
[8.620s] Level 1:colcon.colcon_core.environment:checking '/home/palas21/dev/git/sctAssignments/sctAssignment7/install/joystick_controller/lib/pkgconfig/joystick_controller.pc'
[8.620s] Level 1:colcon.colcon_core.environment:checking '/home/palas21/dev/git/sctAssignments/sctAssignment7/install/joystick_controller/lib/python3.10/site-packages'
[8.620s] Level 1:colcon.colcon_core.environment:checking '/home/palas21/dev/git/sctAssignments/sctAssignment7/install/joystick_controller/bin'
[8.620s] INFO:colcon.colcon_core.shell:Creating package script '/home/palas21/dev/git/sctAssignments/sctAssignment7/install/joystick_controller/share/joystick_controller/package.ps1'
[8.621s] INFO:colcon.colcon_core.shell:Creating package descriptor '/home/palas21/dev/git/sctAssignments/sctAssignment7/install/joystick_controller/share/joystick_controller/package.dsv'
[8.621s] INFO:colcon.colcon_core.shell:Creating package script '/home/palas21/dev/git/sctAssignments/sctAssignment7/install/joystick_controller/share/joystick_controller/package.sh'
[8.622s] INFO:colcon.colcon_core.shell:Creating package script '/home/palas21/dev/git/sctAssignments/sctAssignment7/install/joystick_controller/share/joystick_controller/package.bash'
[8.622s] INFO:colcon.colcon_core.shell:Creating package script '/home/palas21/dev/git/sctAssignments/sctAssignment7/install/joystick_controller/share/joystick_controller/package.zsh'
[8.623s] Level 1:colcon.colcon_core.environment:create_file_with_runtime_dependencies(/home/palas21/dev/git/sctAssignments/sctAssignment7/install/joystick_controller/share/colcon-core/packages/joystick_controller)
[8.646s] Level 1:colcon.colcon_core.environment:create_environment_scripts_only(joystick_controller)
[8.646s] Level 1:colcon.colcon_core.environment:checking '/home/palas21/dev/git/sctAssignments/sctAssignment7/install/joystick_controller' for CMake module files
[8.646s] Level 1:colcon.colcon_core.environment:checking '/home/palas21/dev/git/sctAssignments/sctAssignment7/install/joystick_controller' for CMake config files
[8.647s] Level 1:colcon.colcon_core.shell:create_environment_hook('joystick_controller', 'cmake_prefix_path')
[8.647s] INFO:colcon.colcon_core.shell:Creating environment hook '/home/palas21/dev/git/sctAssignments/sctAssignment7/install/joystick_controller/share/joystick_controller/hook/cmake_prefix_path.ps1'
[8.647s] INFO:colcon.colcon_core.shell:Creating environment descriptor '/home/palas21/dev/git/sctAssignments/sctAssignment7/install/joystick_controller/share/joystick_controller/hook/cmake_prefix_path.dsv'
[8.647s] INFO:colcon.colcon_core.shell:Creating environment hook '/home/palas21/dev/git/sctAssignments/sctAssignment7/install/joystick_controller/share/joystick_controller/hook/cmake_prefix_path.sh'
[8.648s] Level 1:colcon.colcon_core.environment:checking '/home/palas21/dev/git/sctAssignments/sctAssignment7/install/joystick_controller/lib'
[8.648s] Level 1:colcon.colcon_core.environment:checking '/home/palas21/dev/git/sctAssignments/sctAssignment7/install/joystick_controller/bin'
[8.648s] Level 1:colcon.colcon_core.environment:checking '/home/palas21/dev/git/sctAssignments/sctAssignment7/install/joystick_controller/lib/pkgconfig/joystick_controller.pc'
[8.648s] Level 1:colcon.colcon_core.environment:checking '/home/palas21/dev/git/sctAssignments/sctAssignment7/install/joystick_controller/lib/python3.10/site-packages'
[8.648s] Level 1:colcon.colcon_core.environment:checking '/home/palas21/dev/git/sctAssignments/sctAssignment7/install/joystick_controller/bin'
[8.648s] INFO:colcon.colcon_core.shell:Creating package script '/home/palas21/dev/git/sctAssignments/sctAssignment7/install/joystick_controller/share/joystick_controller/package.ps1'
[8.649s] INFO:colcon.colcon_core.shell:Creating package descriptor '/home/palas21/dev/git/sctAssignments/sctAssignment7/install/joystick_controller/share/joystick_controller/package.dsv'
[8.649s] INFO:colcon.colcon_core.shell:Creating package script '/home/palas21/dev/git/sctAssignments/sctAssignment7/install/joystick_controller/share/joystick_controller/package.sh'
[8.649s] INFO:colcon.colcon_core.shell:Creating package script '/home/palas21/dev/git/sctAssignments/sctAssignment7/install/joystick_controller/share/joystick_controller/package.bash'
[8.650s] INFO:colcon.colcon_core.shell:Creating package script '/home/palas21/dev/git/sctAssignments/sctAssignment7/install/joystick_controller/share/joystick_controller/package.zsh'
[8.650s] Level 1:colcon.colcon_core.environment:create_file_with_runtime_dependencies(/home/palas21/dev/git/sctAssignments/sctAssignment7/install/joystick_controller/share/colcon-core/packages/joystick_controller)
[8.650s] DEBUG:colcon.colcon_parallel_executor.executor.parallel:closing loop
[8.651s] DEBUG:colcon.colcon_parallel_executor.executor.parallel:loop closed
[8.651s] DEBUG:colcon.colcon_parallel_executor.executor.parallel:run_until_complete finished with '0'
[8.651s] DEBUG:colcon.colcon_core.event_reactor:joining thread
[8.656s] INFO:colcon.colcon_core.plugin_system:Skipping extension 'colcon_notification.desktop_notification.terminal_notifier': Not used on non-Darwin systems
[8.656s] INFO:colcon.colcon_core.plugin_system:Skipping extension 'colcon_notification.desktop_notification.win32': Not used on non-Windows systems
[8.656s] INFO:colcon.colcon_notification.desktop_notification:Sending desktop notification using 'notify2'
[8.665s] DEBUG:colcon.colcon_core.event_reactor:joined thread
[8.665s] INFO:colcon.colcon_core.shell:Creating prefix script '/home/palas21/dev/git/sctAssignments/sctAssignment7/install/local_setup.ps1'
[8.666s] INFO:colcon.colcon_core.shell:Creating prefix util module '/home/palas21/dev/git/sctAssignments/sctAssignment7/install/_local_setup_util_ps1.py'
[8.667s] INFO:colcon.colcon_core.shell:Creating prefix chain script '/home/palas21/dev/git/sctAssignments/sctAssignment7/install/setup.ps1'
[8.668s] INFO:colcon.colcon_core.shell:Creating prefix script '/home/palas21/dev/git/sctAssignments/sctAssignment7/install/local_setup.sh'
[8.668s] INFO:colcon.colcon_core.shell:Creating prefix util module '/home/palas21/dev/git/sctAssignments/sctAssignment7/install/_local_setup_util_sh.py'
[8.668s] INFO:colcon.colcon_core.shell:Creating prefix chain script '/home/palas21/dev/git/sctAssignments/sctAssignment7/install/setup.sh'
[8.669s] INFO:colcon.colcon_core.shell:Creating prefix script '/home/palas21/dev/git/sctAssignments/sctAssignment7/install/local_setup.bash'
[8.669s] INFO:colcon.colcon_core.shell:Creating prefix chain script '/home/palas21/dev/git/sctAssignments/sctAssignment7/install/setup.bash'
[8.670s] INFO:colcon.colcon_core.shell:Creating prefix script '/home/palas21/dev/git/sctAssignments/sctAssignment7/install/local_setup.zsh'
[8.670s] INFO:colcon.colcon_core.shell:Creating prefix chain script '/home/palas21/dev/git/sctAssignments/sctAssignment7/install/setup.zsh'
