[35m[1mConsolidate compiler generated dependencies of target image_publisher[0m
[35m[1mConsolidate compiler generated dependencies of target image_subscriber[0m
[100%] Built target image_publisher
[100%] Built target image_subscriber
-- Install configuration: ""
-- Installing: /home/palas21/dev/git/sctAssignments/sctAssignment7/install/image_converter/lib/image_converter/image_publisher
-- Set runtime path of "/home/palas21/dev/git/sctAssignments/sctAssignment7/install/image_converter/lib/image_converter/image_publisher" to ""
-- Installing: /home/palas21/dev/git/sctAssignments/sctAssignment7/install/image_converter/lib/image_converter/image_subscriber
-- Set runtime path of "/home/palas21/dev/git/sctAssignments/sctAssignment7/install/image_converter/lib/image_converter/image_subscriber" to ""
-- Installing: /home/palas21/dev/git/sctAssignments/sctAssignment7/install/image_converter/share/ament_index/resource_index/package_run_dependencies/image_converter
-- Installing: /home/palas21/dev/git/sctAssignments/sctAssignment7/install/image_converter/share/ament_index/resource_index/parent_prefix_path/image_converter
-- Installing: /home/palas21/dev/git/sctAssignments/sctAssignment7/install/image_converter/share/image_converter/environment/ament_prefix_path.sh
-- Installing: /home/palas21/dev/git/sctAssignments/sctAssignment7/install/image_converter/share/image_converter/environment/ament_prefix_path.dsv
-- Installing: /home/palas21/dev/git/sctAssignments/sctAssignment7/install/image_converter/share/image_converter/environment/path.sh
-- Installing: /home/palas21/dev/git/sctAssignments/sctAssignment7/install/image_converter/share/image_converter/environment/path.dsv
-- Installing: /home/palas21/dev/git/sctAssignments/sctAssignment7/install/image_converter/share/image_converter/local_setup.bash
-- Installing: /home/palas21/dev/git/sctAssignments/sctAssignment7/install/image_converter/share/image_converter/local_setup.sh
-- Installing: /home/palas21/dev/git/sctAssignments/sctAssignment7/install/image_converter/share/image_converter/local_setup.zsh
-- Installing: /home/palas21/dev/git/sctAssignments/sctAssignment7/install/image_converter/share/image_converter/local_setup.dsv
-- Installing: /home/palas21/dev/git/sctAssignments/sctAssignment7/install/image_converter/share/image_converter/package.dsv
-- Installing: /home/palas21/dev/git/sctAssignments/sctAssignment7/install/image_converter/share/ament_index/resource_index/packages/image_converter
-- Installing: /home/palas21/dev/git/sctAssignments/sctAssignment7/install/image_converter/share/image_converter/cmake/image_converterConfig.cmake
-- Installing: /home/palas21/dev/git/sctAssignments/sctAssignment7/install/image_converter/share/image_converter/cmake/image_converterConfig-version.cmake
-- Installing: /home/palas21/dev/git/sctAssignments/sctAssignment7/install/image_converter/share/image_converter/package.xml
