[0.012s] Invoking command in '/home/palas21/dev/git/sctAssignments/sctAssignment7/build/image_converter': CMAKE_PREFIX_PATH=/opt/ros/humble /usr/bin/cmake --build /home/palas21/dev/git/sctAssignments/sctAssignment7/build/image_converter -- -j12 -l12
[0.056s] [35m[1mConsolidate compiler generated dependencies of target image_publisher[0m
[0.057s] [35m[1mConsolidate compiler generated dependencies of target image_subscriber[0m
[0.080s] [100%] Built target image_publisher
[0.080s] [100%] Built target image_subscriber
[0.092s] Invoked command in '/home/palas21/dev/git/sctAssignments/sctAssignment7/build/image_converter' returned '0': CMAKE_PREFIX_PATH=/opt/ros/humble /usr/bin/cmake --build /home/palas21/dev/git/sctAssignments/sctAssignment7/build/image_converter -- -j12 -l12
[0.133s] Invoking command in '/home/palas21/dev/git/sctAssignments/sctAssignment7/build/image_converter': CMAKE_PREFIX_PATH=/opt/ros/humble /usr/bin/cmake --install /home/palas21/dev/git/sctAssignments/sctAssignment7/build/image_converter
[0.141s] -- Install configuration: ""
[0.142s] -- Installing: /home/palas21/dev/git/sctAssignments/sctAssignment7/install/image_converter/lib/image_converter/image_publisher
[0.144s] -- Set runtime path of "/home/palas21/dev/git/sctAssignments/sctAssignment7/install/image_converter/lib/image_converter/image_publisher" to ""
[0.144s] -- Installing: /home/palas21/dev/git/sctAssignments/sctAssignment7/install/image_converter/lib/image_converter/image_subscriber
[0.150s] -- Set runtime path of "/home/palas21/dev/git/sctAssignments/sctAssignment7/install/image_converter/lib/image_converter/image_subscriber" to ""
[0.150s] -- Installing: /home/palas21/dev/git/sctAssignments/sctAssignment7/install/image_converter/share/ament_index/resource_index/package_run_dependencies/image_converter
[0.150s] -- Installing: /home/palas21/dev/git/sctAssignments/sctAssignment7/install/image_converter/share/ament_index/resource_index/parent_prefix_path/image_converter
[0.150s] -- Installing: /home/palas21/dev/git/sctAssignments/sctAssignment7/install/image_converter/share/image_converter/environment/ament_prefix_path.sh
[0.150s] -- Installing: /home/palas21/dev/git/sctAssignments/sctAssignment7/install/image_converter/share/image_converter/environment/ament_prefix_path.dsv
[0.150s] -- Installing: /home/palas21/dev/git/sctAssignments/sctAssignment7/install/image_converter/share/image_converter/environment/path.sh
[0.151s] -- Installing: /home/palas21/dev/git/sctAssignments/sctAssignment7/install/image_converter/share/image_converter/environment/path.dsv
[0.151s] -- Installing: /home/palas21/dev/git/sctAssignments/sctAssignment7/install/image_converter/share/image_converter/local_setup.bash
[0.151s] -- Installing: /home/palas21/dev/git/sctAssignments/sctAssignment7/install/image_converter/share/image_converter/local_setup.sh
[0.151s] -- Installing: /home/palas21/dev/git/sctAssignments/sctAssignment7/install/image_converter/share/image_converter/local_setup.zsh
[0.151s] -- Installing: /home/palas21/dev/git/sctAssignments/sctAssignment7/install/image_converter/share/image_converter/local_setup.dsv
[0.151s] -- Installing: /home/palas21/dev/git/sctAssignments/sctAssignment7/install/image_converter/share/image_converter/package.dsv
[0.152s] -- Installing: /home/palas21/dev/git/sctAssignments/sctAssignment7/install/image_converter/share/ament_index/resource_index/packages/image_converter
[0.152s] -- Installing: /home/palas21/dev/git/sctAssignments/sctAssignment7/install/image_converter/share/image_converter/cmake/image_converterConfig.cmake
[0.152s] -- Installing: /home/palas21/dev/git/sctAssignments/sctAssignment7/install/image_converter/share/image_converter/cmake/image_converterConfig-version.cmake
[0.152s] -- Installing: /home/palas21/dev/git/sctAssignments/sctAssignment7/install/image_converter/share/image_converter/package.xml
[0.155s] Invoked command in '/home/palas21/dev/git/sctAssignments/sctAssignment7/build/image_converter' returned '0': CMAKE_PREFIX_PATH=/opt/ros/humble /usr/bin/cmake --install /home/palas21/dev/git/sctAssignments/sctAssignment7/build/image_converter
