[100%] Built target image_subscriber
[100%] Built target image_publisher
-- Install configuration: ""
-- Up-to-date: /home/palas21/dev/git/sctAssignments/sctAssignment7/install/image_converter/lib/image_converter/image_publisher
-- Up-to-date: /home/palas21/dev/git/sctAssignments/sctAssignment7/install/image_converter/lib/image_converter/image_subscriber
-- Up-to-date: /home/palas21/dev/git/sctAssignments/sctAssignment7/install/image_converter/share/ament_index/resource_index/package_run_dependencies/image_converter
-- Up-to-date: /home/palas21/dev/git/sctAssignments/sctAssignment7/install/image_converter/share/ament_index/resource_index/parent_prefix_path/image_converter
-- Up-to-date: /home/palas21/dev/git/sctAssignments/sctAssignment7/install/image_converter/share/image_converter/environment/ament_prefix_path.sh
-- Up-to-date: /home/palas21/dev/git/sctAssignments/sctAssignment7/install/image_converter/share/image_converter/environment/ament_prefix_path.dsv
-- Up-to-date: /home/palas21/dev/git/sctAssignments/sctAssignment7/install/image_converter/share/image_converter/environment/path.sh
-- Up-to-date: /home/palas21/dev/git/sctAssignments/sctAssignment7/install/image_converter/share/image_converter/environment/path.dsv
-- Up-to-date: /home/palas21/dev/git/sctAssignments/sctAssignment7/install/image_converter/share/image_converter/local_setup.bash
-- Up-to-date: /home/palas21/dev/git/sctAssignments/sctAssignment7/install/image_converter/share/image_converter/local_setup.sh
-- Up-to-date: /home/palas21/dev/git/sctAssignments/sctAssignment7/install/image_converter/share/image_converter/local_setup.zsh
-- Up-to-date: /home/palas21/dev/git/sctAssignments/sctAssignment7/install/image_converter/share/image_converter/local_setup.dsv
-- Installing: /home/palas21/dev/git/sctAssignments/sctAssignment7/install/image_converter/share/image_converter/package.dsv
-- Up-to-date: /home/palas21/dev/git/sctAssignments/sctAssignment7/install/image_converter/share/ament_index/resource_index/packages/image_converter
-- Up-to-date: /home/palas21/dev/git/sctAssignments/sctAssignment7/install/image_converter/share/image_converter/cmake/image_converterConfig.cmake
-- Up-to-date: /home/palas21/dev/git/sctAssignments/sctAssignment7/install/image_converter/share/image_converter/cmake/image_converterConfig-version.cmake
-- Up-to-date: /home/palas21/dev/git/sctAssignments/sctAssignment7/install/image_converter/share/image_converter/package.xml
