[0.125s] DEBUG:colcon:Command line arguments: ['/home/palas21/.local/bin/colcon', 'build', '--packages-select', 'joystick_controller']
[0.125s] DEBUG:colcon:Parsed command line arguments: Namespace(log_base=None, log_level=None, verb_name='build', build_base='build', install_base='install', merge_install=False, symlink_install=False, test_result_base=None, continue_on_error=False, executor='parallel', parallel_workers=12, event_handlers=None, ignore_user_meta=False, metas=['./colcon.meta'], base_paths=['.'], packages_ignore=None, packages_ignore_regex=None, paths=None, packages_up_to=None, packages_up_to_regex=None, packages_above=None, packages_above_and_dependencies=None, packages_above_depth=None, packages_select_by_dep=None, packages_skip_by_dep=None, packages_skip_up_to=None, packages_select_build_failed=False, packages_skip_build_finished=False, packages_select_test_failures=False, packages_skip_test_passed=False, packages_select=['joystick_controller'], packages_skip=None, packages_select_regex=None, packages_skip_regex=None, packages_start=None, packages_end=None, allow_overriding=[], cmake_args=None, cmake_target=None, cmake_target_skip_unavailable=False, cmake_clean_cache=False, cmake_clean_first=False, cmake_force_configure=False, ament_cmake_args=None, catkin_cmake_args=None, catkin_skip_building_tests=False, verb_parser=<colcon_defaults.argument_parser.defaults.DefaultArgumentsDecorator object at 0x7e8e15fe7eb0>, verb_extension=<colcon_core.verb.build.BuildVerb object at 0x7e8e15fe6770>, main=<bound method BuildVerb.main of <colcon_core.verb.build.BuildVerb object at 0x7e8e15fe6770>>)
[0.269s] Level 1:colcon.colcon_core.package_discovery:discover_packages(colcon_meta) check parameters
[0.269s] Level 1:colcon.colcon_core.package_discovery:discover_packages(recursive) check parameters
[0.269s] Level 1:colcon.colcon_core.package_discovery:discover_packages(ignore) check parameters
[0.269s] Level 1:colcon.colcon_core.package_discovery:discover_packages(path) check parameters
[0.269s] Level 1:colcon.colcon_core.package_discovery:discover_packages(colcon_meta) discover
[0.269s] Level 1:colcon.colcon_core.package_discovery:discover_packages(recursive) discover
[0.269s] INFO:colcon.colcon_core.package_discovery:Crawling recursively for packages in '/home/palas21/dev/git/sctAssignments/sctAssignment7'
[0.269s] Level 1:colcon.colcon_core.package_identification:_identify(.) by extensions ['ignore', 'ignore_ament_install']
[0.269s] Level 1:colcon.colcon_core.package_identification:_identify(.) by extension 'ignore'
[0.269s] Level 1:colcon.colcon_core.package_identification:_identify(.) by extension 'ignore_ament_install'
[0.269s] Level 1:colcon.colcon_core.package_identification:_identify(.) by extensions ['colcon_pkg']
[0.269s] Level 1:colcon.colcon_core.package_identification:_identify(.) by extension 'colcon_pkg'
[0.269s] Level 1:colcon.colcon_core.package_identification:_identify(.) by extensions ['colcon_meta']
[0.269s] Level 1:colcon.colcon_core.package_identification:_identify(.) by extension 'colcon_meta'
[0.269s] Level 1:colcon.colcon_core.package_identification:_identify(.) by extensions ['ros']
[0.269s] Level 1:colcon.colcon_core.package_identification:_identify(.) by extension 'ros'
[0.283s] Level 1:colcon.colcon_core.package_identification:_identify(.) by extensions ['cmake', 'python']
[0.283s] Level 1:colcon.colcon_core.package_identification:_identify(.) by extension 'cmake'
[0.283s] Level 1:colcon.colcon_core.package_identification:_identify(.) by extension 'python'
[0.283s] Level 1:colcon.colcon_core.package_identification:_identify(.) by extensions ['python_setup_py']
[0.283s] Level 1:colcon.colcon_core.package_identification:_identify(.) by extension 'python_setup_py'
[0.283s] Level 1:colcon.colcon_core.package_identification:_identify(build) by extensions ['ignore', 'ignore_ament_install']
[0.283s] Level 1:colcon.colcon_core.package_identification:_identify(build) by extension 'ignore'
[0.283s] Level 1:colcon.colcon_core.package_identification:_identify(build) ignored
[0.283s] Level 1:colcon.colcon_core.package_identification:_identify(install) by extensions ['ignore', 'ignore_ament_install']
[0.283s] Level 1:colcon.colcon_core.package_identification:_identify(install) by extension 'ignore'
[0.284s] Level 1:colcon.colcon_core.package_identification:_identify(install) ignored
[0.284s] Level 1:colcon.colcon_core.package_identification:_identify(log) by extensions ['ignore', 'ignore_ament_install']
[0.284s] Level 1:colcon.colcon_core.package_identification:_identify(log) by extension 'ignore'
[0.284s] Level 1:colcon.colcon_core.package_identification:_identify(log) ignored
[0.284s] Level 1:colcon.colcon_core.package_identification:_identify(src) by extensions ['ignore', 'ignore_ament_install']
[0.284s] Level 1:colcon.colcon_core.package_identification:_identify(src) by extension 'ignore'
[0.284s] Level 1:colcon.colcon_core.package_identification:_identify(src) by extension 'ignore_ament_install'
[0.284s] Level 1:colcon.colcon_core.package_identification:_identify(src) by extensions ['colcon_pkg']
[0.284s] Level 1:colcon.colcon_core.package_identification:_identify(src) by extension 'colcon_pkg'
[0.284s] Level 1:colcon.colcon_core.package_identification:_identify(src) by extensions ['colcon_meta']
[0.284s] Level 1:colcon.colcon_core.package_identification:_identify(src) by extension 'colcon_meta'
[0.284s] Level 1:colcon.colcon_core.package_identification:_identify(src) by extensions ['ros']
[0.284s] Level 1:colcon.colcon_core.package_identification:_identify(src) by extension 'ros'
[0.284s] Level 1:colcon.colcon_core.package_identification:_identify(src) by extensions ['cmake', 'python']
[0.284s] Level 1:colcon.colcon_core.package_identification:_identify(src) by extension 'cmake'
[0.284s] Level 1:colcon.colcon_core.package_identification:_identify(src) by extension 'python'
[0.284s] Level 1:colcon.colcon_core.package_identification:_identify(src) by extensions ['python_setup_py']
[0.284s] Level 1:colcon.colcon_core.package_identification:_identify(src) by extension 'python_setup_py'
[0.284s] Level 1:colcon.colcon_core.package_identification:_identify(src/image_converter) by extensions ['ignore', 'ignore_ament_install']
[0.285s] Level 1:colcon.colcon_core.package_identification:_identify(src/image_converter) by extension 'ignore'
[0.285s] Level 1:colcon.colcon_core.package_identification:_identify(src/image_converter) by extension 'ignore_ament_install'
[0.285s] Level 1:colcon.colcon_core.package_identification:_identify(src/image_converter) by extensions ['colcon_pkg']
[0.285s] Level 1:colcon.colcon_core.package_identification:_identify(src/image_converter) by extension 'colcon_pkg'
[0.285s] Level 1:colcon.colcon_core.package_identification:_identify(src/image_converter) by extensions ['colcon_meta']
[0.285s] Level 1:colcon.colcon_core.package_identification:_identify(src/image_converter) by extension 'colcon_meta'
[0.285s] Level 1:colcon.colcon_core.package_identification:_identify(src/image_converter) by extensions ['ros']
[0.285s] Level 1:colcon.colcon_core.package_identification:_identify(src/image_converter) by extension 'ros'
[0.287s] DEBUG:colcon.colcon_core.package_identification:Package 'src/image_converter' with type 'ros.ament_cmake' and name 'image_converter'
[0.287s] Level 1:colcon.colcon_core.package_identification:_identify(src/joystick_controller) by extensions ['ignore', 'ignore_ament_install']
[0.287s] Level 1:colcon.colcon_core.package_identification:_identify(src/joystick_controller) by extension 'ignore'
[0.287s] Level 1:colcon.colcon_core.package_identification:_identify(src/joystick_controller) by extension 'ignore_ament_install'
[0.288s] Level 1:colcon.colcon_core.package_identification:_identify(src/joystick_controller) by extensions ['colcon_pkg']
[0.288s] Level 1:colcon.colcon_core.package_identification:_identify(src/joystick_controller) by extension 'colcon_pkg'
[0.288s] Level 1:colcon.colcon_core.package_identification:_identify(src/joystick_controller) by extensions ['colcon_meta']
[0.288s] Level 1:colcon.colcon_core.package_identification:_identify(src/joystick_controller) by extension 'colcon_meta'
[0.288s] Level 1:colcon.colcon_core.package_identification:_identify(src/joystick_controller) by extensions ['ros']
[0.288s] Level 1:colcon.colcon_core.package_identification:_identify(src/joystick_controller) by extension 'ros'
[0.288s] DEBUG:colcon.colcon_core.package_identification:Package 'src/joystick_controller' with type 'ros.ament_cmake' and name 'joystick_controller'
[0.288s] Level 1:colcon.colcon_core.package_discovery:discover_packages(recursive) using defaults
[0.289s] Level 1:colcon.colcon_core.package_discovery:discover_packages(ignore) discover
[0.289s] Level 1:colcon.colcon_core.package_discovery:discover_packages(ignore) using defaults
[0.289s] Level 1:colcon.colcon_core.package_discovery:discover_packages(path) discover
[0.289s] Level 1:colcon.colcon_core.package_discovery:discover_packages(path) using defaults
[0.304s] INFO:colcon.colcon_core.package_selection:Skipping not selected package 'image_converter' in 'src/image_converter'
[0.305s] Level 1:colcon.colcon_core.package_discovery:discover_packages(prefix_path) check parameters
[0.305s] Level 1:colcon.colcon_core.package_discovery:discover_packages(prefix_path) discover
[0.307s] DEBUG:colcon.colcon_installed_package_information.package_discovery:Found 241 installed packages in /opt/ros/humble
[0.308s] Level 1:colcon.colcon_core.package_discovery:discover_packages(prefix_path) using defaults
[0.331s] ERROR:colcon.colcon_core.package_augmentation:Exception in package augmentation extension 'python': 
Traceback (most recent call last):
  File "/usr/lib/python3/dist-packages/colcon_core/package_augmentation/__init__.py", line 97, in augment_packages
    retval = extension.augment_packages(
  File "/usr/lib/python3/dist-packages/colcon_installed_package_information/package_augmentation/python.py", line 44, in augment_packages
    dist = next(iter(dists))
StopIteration

[0.335s] Level 5:colcon.colcon_core.verb:set package 'joystick_controller' build argument 'cmake_args' from command line to 'None'
[0.335s] Level 5:colcon.colcon_core.verb:set package 'joystick_controller' build argument 'cmake_target' from command line to 'None'
[0.335s] Level 5:colcon.colcon_core.verb:set package 'joystick_controller' build argument 'cmake_target_skip_unavailable' from command line to 'False'
[0.335s] Level 5:colcon.colcon_core.verb:set package 'joystick_controller' build argument 'cmake_clean_cache' from command line to 'False'
[0.335s] Level 5:colcon.colcon_core.verb:set package 'joystick_controller' build argument 'cmake_clean_first' from command line to 'False'
[0.335s] Level 5:colcon.colcon_core.verb:set package 'joystick_controller' build argument 'cmake_force_configure' from command line to 'False'
[0.335s] Level 5:colcon.colcon_core.verb:set package 'joystick_controller' build argument 'ament_cmake_args' from command line to 'None'
[0.335s] Level 5:colcon.colcon_core.verb:set package 'joystick_controller' build argument 'catkin_cmake_args' from command line to 'None'
[0.335s] Level 5:colcon.colcon_core.verb:set package 'joystick_controller' build argument 'catkin_skip_building_tests' from command line to 'False'
[0.335s] DEBUG:colcon.colcon_core.verb:Building package 'joystick_controller' with the following arguments: {'ament_cmake_args': None, 'build_base': '/home/palas21/dev/git/sctAssignments/sctAssignment7/build/joystick_controller', 'catkin_cmake_args': None, 'catkin_skip_building_tests': False, 'cmake_args': None, 'cmake_clean_cache': False, 'cmake_clean_first': False, 'cmake_force_configure': False, 'cmake_target': None, 'cmake_target_skip_unavailable': False, 'install_base': '/home/palas21/dev/git/sctAssignments/sctAssignment7/install/joystick_controller', 'merge_install': False, 'path': '/home/palas21/dev/git/sctAssignments/sctAssignment7/src/joystick_controller', 'symlink_install': False, 'test_result_base': None}
[0.336s] INFO:colcon.colcon_core.executor:Executing jobs using 'parallel' executor
[0.336s] DEBUG:colcon.colcon_parallel_executor.executor.parallel:run_until_complete
[0.337s] INFO:colcon.colcon_ros.task.ament_cmake.build:Building ROS package in '/home/palas21/dev/git/sctAssignments/sctAssignment7/src/joystick_controller' with build type 'ament_cmake'
[0.337s] INFO:colcon.colcon_cmake.task.cmake.build:Building CMake package in '/home/palas21/dev/git/sctAssignments/sctAssignment7/src/joystick_controller'
[0.339s] INFO:colcon.colcon_core.plugin_system:Skipping extension 'colcon_core.shell.bat': Not used on non-Windows systems
[0.339s] INFO:colcon.colcon_core.shell:Skip shell extension 'powershell' for command environment: Not usable outside of PowerShell
[0.339s] DEBUG:colcon.colcon_core.shell:Skip shell extension 'dsv' for command environment
[0.347s] DEBUG:colcon.colcon_core.event_handler.log_command:Invoking command in '/home/palas21/dev/git/sctAssignments/sctAssignment7/build/joystick_controller': CMAKE_PREFIX_PATH=/opt/ros/humble /usr/bin/cmake --build /home/palas21/dev/git/sctAssignments/sctAssignment7/build/joystick_controller -- -j12 -l12
[10.673s] DEBUG:colcon.colcon_core.event_handler.log_command:Invoked command in '/home/palas21/dev/git/sctAssignments/sctAssignment7/build/joystick_controller' returned '0': CMAKE_PREFIX_PATH=/opt/ros/humble /usr/bin/cmake --build /home/palas21/dev/git/sctAssignments/sctAssignment7/build/joystick_controller -- -j12 -l12
[10.708s] DEBUG:colcon.colcon_core.event_handler.log_command:Invoking command in '/home/palas21/dev/git/sctAssignments/sctAssignment7/build/joystick_controller': CMAKE_PREFIX_PATH=/opt/ros/humble /usr/bin/cmake --install /home/palas21/dev/git/sctAssignments/sctAssignment7/build/joystick_controller
[10.772s] Level 1:colcon.colcon_core.environment:create_environment_scripts_only(joystick_controller)
[10.772s] DEBUG:colcon.colcon_core.event_handler.log_command:Invoked command in '/home/palas21/dev/git/sctAssignments/sctAssignment7/build/joystick_controller' returned '0': CMAKE_PREFIX_PATH=/opt/ros/humble /usr/bin/cmake --install /home/palas21/dev/git/sctAssignments/sctAssignment7/build/joystick_controller
[10.775s] Level 1:colcon.colcon_core.environment:checking '/home/palas21/dev/git/sctAssignments/sctAssignment7/install/joystick_controller' for CMake module files
[10.776s] Level 1:colcon.colcon_core.environment:checking '/home/palas21/dev/git/sctAssignments/sctAssignment7/install/joystick_controller' for CMake config files
[10.776s] Level 1:colcon.colcon_core.shell:create_environment_hook('joystick_controller', 'cmake_prefix_path')
[10.776s] INFO:colcon.colcon_core.shell:Creating environment hook '/home/palas21/dev/git/sctAssignments/sctAssignment7/install/joystick_controller/share/joystick_controller/hook/cmake_prefix_path.ps1'
[10.777s] INFO:colcon.colcon_core.shell:Creating environment descriptor '/home/palas21/dev/git/sctAssignments/sctAssignment7/install/joystick_controller/share/joystick_controller/hook/cmake_prefix_path.dsv'
[10.777s] INFO:colcon.colcon_core.shell:Creating environment hook '/home/palas21/dev/git/sctAssignments/sctAssignment7/install/joystick_controller/share/joystick_controller/hook/cmake_prefix_path.sh'
[10.778s] Level 1:colcon.colcon_core.environment:checking '/home/palas21/dev/git/sctAssignments/sctAssignment7/install/joystick_controller/lib'
[10.778s] Level 1:colcon.colcon_core.environment:checking '/home/palas21/dev/git/sctAssignments/sctAssignment7/install/joystick_controller/bin'
[10.778s] Level 1:colcon.colcon_core.environment:checking '/home/palas21/dev/git/sctAssignments/sctAssignment7/install/joystick_controller/lib/pkgconfig/joystick_controller.pc'
[10.778s] Level 1:colcon.colcon_core.environment:checking '/home/palas21/dev/git/sctAssignments/sctAssignment7/install/joystick_controller/lib/python3.10/site-packages'
[10.778s] Level 1:colcon.colcon_core.environment:checking '/home/palas21/dev/git/sctAssignments/sctAssignment7/install/joystick_controller/bin'
[10.778s] INFO:colcon.colcon_core.shell:Creating package script '/home/palas21/dev/git/sctAssignments/sctAssignment7/install/joystick_controller/share/joystick_controller/package.ps1'
[10.779s] INFO:colcon.colcon_core.shell:Creating package descriptor '/home/palas21/dev/git/sctAssignments/sctAssignment7/install/joystick_controller/share/joystick_controller/package.dsv'
[10.780s] INFO:colcon.colcon_core.shell:Creating package script '/home/palas21/dev/git/sctAssignments/sctAssignment7/install/joystick_controller/share/joystick_controller/package.sh'
[10.780s] INFO:colcon.colcon_core.shell:Creating package script '/home/palas21/dev/git/sctAssignments/sctAssignment7/install/joystick_controller/share/joystick_controller/package.bash'
[10.781s] INFO:colcon.colcon_core.shell:Creating package script '/home/palas21/dev/git/sctAssignments/sctAssignment7/install/joystick_controller/share/joystick_controller/package.zsh'
[10.781s] Level 1:colcon.colcon_core.environment:create_file_with_runtime_dependencies(/home/palas21/dev/git/sctAssignments/sctAssignment7/install/joystick_controller/share/colcon-core/packages/joystick_controller)
[10.805s] Level 1:colcon.colcon_core.environment:create_environment_scripts_only(joystick_controller)
[10.805s] Level 1:colcon.colcon_core.environment:checking '/home/palas21/dev/git/sctAssignments/sctAssignment7/install/joystick_controller' for CMake module files
[10.806s] Level 1:colcon.colcon_core.environment:checking '/home/palas21/dev/git/sctAssignments/sctAssignment7/install/joystick_controller' for CMake config files
[10.806s] Level 1:colcon.colcon_core.shell:create_environment_hook('joystick_controller', 'cmake_prefix_path')
[10.806s] INFO:colcon.colcon_core.shell:Creating environment hook '/home/palas21/dev/git/sctAssignments/sctAssignment7/install/joystick_controller/share/joystick_controller/hook/cmake_prefix_path.ps1'
[10.807s] INFO:colcon.colcon_core.shell:Creating environment descriptor '/home/palas21/dev/git/sctAssignments/sctAssignment7/install/joystick_controller/share/joystick_controller/hook/cmake_prefix_path.dsv'
[10.807s] INFO:colcon.colcon_core.shell:Creating environment hook '/home/palas21/dev/git/sctAssignments/sctAssignment7/install/joystick_controller/share/joystick_controller/hook/cmake_prefix_path.sh'
[10.807s] Level 1:colcon.colcon_core.environment:checking '/home/palas21/dev/git/sctAssignments/sctAssignment7/install/joystick_controller/lib'
[10.807s] Level 1:colcon.colcon_core.environment:checking '/home/palas21/dev/git/sctAssignments/sctAssignment7/install/joystick_controller/bin'
[10.807s] Level 1:colcon.colcon_core.environment:checking '/home/palas21/dev/git/sctAssignments/sctAssignment7/install/joystick_controller/lib/pkgconfig/joystick_controller.pc'
[10.808s] Level 1:colcon.colcon_core.environment:checking '/home/palas21/dev/git/sctAssignments/sctAssignment7/install/joystick_controller/lib/python3.10/site-packages'
[10.808s] Level 1:colcon.colcon_core.environment:checking '/home/palas21/dev/git/sctAssignments/sctAssignment7/install/joystick_controller/bin'
[10.808s] INFO:colcon.colcon_core.shell:Creating package script '/home/palas21/dev/git/sctAssignments/sctAssignment7/install/joystick_controller/share/joystick_controller/package.ps1'
[10.809s] INFO:colcon.colcon_core.shell:Creating package descriptor '/home/palas21/dev/git/sctAssignments/sctAssignment7/install/joystick_controller/share/joystick_controller/package.dsv'
[10.809s] INFO:colcon.colcon_core.shell:Creating package script '/home/palas21/dev/git/sctAssignments/sctAssignment7/install/joystick_controller/share/joystick_controller/package.sh'
[10.809s] INFO:colcon.colcon_core.shell:Creating package script '/home/palas21/dev/git/sctAssignments/sctAssignment7/install/joystick_controller/share/joystick_controller/package.bash'
[10.810s] INFO:colcon.colcon_core.shell:Creating package script '/home/palas21/dev/git/sctAssignments/sctAssignment7/install/joystick_controller/share/joystick_controller/package.zsh'
[10.810s] Level 1:colcon.colcon_core.environment:create_file_with_runtime_dependencies(/home/palas21/dev/git/sctAssignments/sctAssignment7/install/joystick_controller/share/colcon-core/packages/joystick_controller)
[10.810s] DEBUG:colcon.colcon_parallel_executor.executor.parallel:closing loop
[10.811s] DEBUG:colcon.colcon_parallel_executor.executor.parallel:loop closed
[10.811s] DEBUG:colcon.colcon_parallel_executor.executor.parallel:run_until_complete finished with '0'
[10.811s] DEBUG:colcon.colcon_core.event_reactor:joining thread
[10.817s] INFO:colcon.colcon_core.plugin_system:Skipping extension 'colcon_notification.desktop_notification.terminal_notifier': Not used on non-Darwin systems
[10.817s] INFO:colcon.colcon_core.plugin_system:Skipping extension 'colcon_notification.desktop_notification.win32': Not used on non-Windows systems
[10.817s] INFO:colcon.colcon_notification.desktop_notification:Sending desktop notification using 'notify2'
[10.829s] DEBUG:colcon.colcon_core.event_reactor:joined thread
[10.829s] INFO:colcon.colcon_core.shell:Creating prefix script '/home/palas21/dev/git/sctAssignments/sctAssignment7/install/local_setup.ps1'
[10.830s] INFO:colcon.colcon_core.shell:Creating prefix util module '/home/palas21/dev/git/sctAssignments/sctAssignment7/install/_local_setup_util_ps1.py'
[10.831s] INFO:colcon.colcon_core.shell:Creating prefix chain script '/home/palas21/dev/git/sctAssignments/sctAssignment7/install/setup.ps1'
[10.832s] INFO:colcon.colcon_core.shell:Creating prefix script '/home/palas21/dev/git/sctAssignments/sctAssignment7/install/local_setup.sh'
[10.833s] INFO:colcon.colcon_core.shell:Creating prefix util module '/home/palas21/dev/git/sctAssignments/sctAssignment7/install/_local_setup_util_sh.py'
[10.833s] INFO:colcon.colcon_core.shell:Creating prefix chain script '/home/palas21/dev/git/sctAssignments/sctAssignment7/install/setup.sh'
[10.834s] INFO:colcon.colcon_core.shell:Creating prefix script '/home/palas21/dev/git/sctAssignments/sctAssignment7/install/local_setup.bash'
[10.834s] INFO:colcon.colcon_core.shell:Creating prefix chain script '/home/palas21/dev/git/sctAssignments/sctAssignment7/install/setup.bash'
[10.835s] INFO:colcon.colcon_core.shell:Creating prefix script '/home/palas21/dev/git/sctAssignments/sctAssignment7/install/local_setup.zsh'
[10.835s] INFO:colcon.colcon_core.shell:Creating prefix chain script '/home/palas21/dev/git/sctAssignments/sctAssignment7/install/setup.zsh'
