[0.009s] Invoking command in '/home/palas21/dev/git/sctAssignments/sctAssignment7/build/joystick_controller': CMAKE_PREFIX_PATH=/opt/ros/humble: /usr/bin/cmake --build /home/palas21/dev/git/sctAssignments/sctAssignment7/build/joystick_controller -- -j12 -l12
[0.031s] -- Found ament_cmake: 1.3.8 (/opt/ros/humble/share/ament_cmake/cmake)
[0.315s] -- Found rclcpp: 16.0.8 (/opt/ros/humble/share/rclcpp/cmake)
[0.451s] -- Found rosidl_generator_c: 3.1.5 (/opt/ros/humble/share/rosidl_generator_c/cmake)
[0.467s] -- Found rosidl_adapter: 3.1.5 (/opt/ros/humble/share/rosidl_adapter/cmake)
[0.478s] -- Found rosidl_generator_cpp: 3.1.5 (/opt/ros/humble/share/rosidl_generator_cpp/cmake)
[0.509s] -- Using all available rosidl_typesupport_c: rosidl_typesupport_fastrtps_c;rosidl_typesupport_introspection_c
[0.525s] -- Using all available rosidl_typesupport_cpp: rosidl_typesupport_fastrtps_cpp;rosidl_typesupport_introspection_cpp
[0.701s] -- Found rmw_implementation_cmake: 6.1.1 (/opt/ros/humble/share/rmw_implementation_cmake/cmake)
[0.729s] -- Found rmw_fastrtps_cpp: 6.2.6 (/opt/ros/humble/share/rmw_fastrtps_cpp/cmake)
[0.940s] -- Using RMW implementation 'rmw_fastrtps_cpp' as default
[1.232s] -- Found geometry_msgs: 4.2.3 (/opt/ros/humble/share/geometry_msgs/cmake)
[1.292s] -- Found sensor_msgs: 4.2.3 (/opt/ros/humble/share/sensor_msgs/cmake)
[1.358s] -- Found ament_lint_auto: 0.12.10 (/opt/ros/humble/share/ament_lint_auto/cmake)
[1.478s] -- Added test 'cppcheck' to perform static code analysis on C / C++ code
[1.478s] -- Configured cppcheck include dirs: 
[1.478s] -- Configured cppcheck exclude dirs and/or files: 
[1.479s] -- Added test 'lint_cmake' to check CMake code style
[1.480s] -- Added test 'uncrustify' to check C / C++ code style
[1.480s] -- Configured uncrustify additional arguments: 
[1.480s] -- Added test 'xmllint' to check XML markup files
[1.482s] -- Configuring done
[1.616s] -- Generating done
[1.618s] -- Build files have been written to: /home/palas21/dev/git/sctAssignments/sctAssignment7/build/joystick_controller
[1.679s] [35m[1mConsolidate compiler generated dependencies of target turtlesim_client[0m
[1.697s] [ 50%] [32mBuilding CXX object CMakeFiles/turtlesim_client.dir/src/turtlesim_client.cpp.o[0m
[1.901s] [01m[K/home/palas21/dev/git/sctAssignments/sctAssignment7/src/joystick_controller/src/turtlesim_client.cpp:2:10:[m[K [01;31m[Kfatal error: [m[Kgeometry_msgs/Twist.h: No such file or directory
[1.901s]     2 | #include [01;31m[K<geometry_msgs/Twist.h>[m[K
[1.901s]       |          [01;31m[K^~~~~~~~~~~~~~~~~~~~~~~[m[K
[1.901s] compilation terminated.
[1.904s] gmake[2]: *** [CMakeFiles/turtlesim_client.dir/build.make:76: CMakeFiles/turtlesim_client.dir/src/turtlesim_client.cpp.o] Error 1
[1.905s] gmake[1]: *** [CMakeFiles/Makefile2:137: CMakeFiles/turtlesim_client.dir/all] Error 2
[1.905s] gmake: *** [Makefile:146: all] Error 2
[1.907s] Invoked command in '/home/palas21/dev/git/sctAssignments/sctAssignment7/build/joystick_controller' returned '2': CMAKE_PREFIX_PATH=/opt/ros/humble: /usr/bin/cmake --build /home/palas21/dev/git/sctAssignments/sctAssignment7/build/joystick_controller -- -j12 -l12
