[0.010s] Invoking command in '/home/palas21/dev/git/sctAssignments/sctAssignment7/build/joystick_controller': CMAKE_PREFIX_PATH=/opt/ros/humble /usr/bin/cmake --build /home/palas21/dev/git/sctAssignments/sctAssignment7/build/joystick_controller -- -j12 -l12
[0.031s] -- Found ament_cmake: 1.3.8 (/opt/ros/humble/share/ament_cmake/cmake)
[0.133s] -- Found rclcpp: 16.0.8 (/opt/ros/humble/share/rclcpp/cmake)
[0.158s] -- Found rosidl_generator_c: 3.1.5 (/opt/ros/humble/share/rosidl_generator_c/cmake)
[0.160s] -- Found rosidl_adapter: 3.1.5 (/opt/ros/humble/share/rosidl_adapter/cmake)
[0.165s] -- Found rosidl_generator_cpp: 3.1.5 (/opt/ros/humble/share/rosidl_generator_cpp/cmake)
[0.173s] -- Using all available rosidl_typesupport_c: rosidl_typesupport_fastrtps_c;rosidl_typesupport_introspection_c
[0.185s] -- Using all available rosidl_typesupport_cpp: rosidl_typesupport_fastrtps_cpp;rosidl_typesupport_introspection_cpp
[0.230s] -- Found rmw_implementation_cmake: 6.1.1 (/opt/ros/humble/share/rmw_implementation_cmake/cmake)
[0.231s] -- Found rmw_fastrtps_cpp: 6.2.6 (/opt/ros/humble/share/rmw_fastrtps_cpp/cmake)
[0.340s] -- Using RMW implementation 'rmw_fastrtps_cpp' as default
[0.461s] -- Found sensor_msgs: 4.2.3 (/opt/ros/humble/share/sensor_msgs/cmake)
[0.558s] -- Found ament_lint_auto: 0.12.10 (/opt/ros/humble/share/ament_lint_auto/cmake)
[0.616s] -- Added test 'cppcheck' to perform static code analysis on C / C++ code
[0.616s] -- Configured cppcheck include dirs: /home/palas21/dev/git/sctAssignments/sctAssignment7/src/joystick_controller/include
[0.616s] -- Configured cppcheck exclude dirs and/or files: 
[0.617s] -- Added test 'lint_cmake' to check CMake code style
[0.617s] -- Added test 'uncrustify' to check C / C++ code style
[0.618s] -- Configured uncrustify additional arguments: 
[0.618s] -- Added test 'xmllint' to check XML markup files
[0.618s] -- Configuring done
[0.715s] -- Generating done
[0.717s] -- Build files have been written to: /home/palas21/dev/git/sctAssignments/sctAssignment7/build/joystick_controller
[0.741s] [35m[1mConsolidate compiler generated dependencies of target turtlesim_client[0m
[0.761s] [ 50%] [32mBuilding CXX object CMakeFiles/turtlesim_client.dir/src/turtlesim_client.cpp.o[0m
[0.976s] [01m[K/home/palas21/dev/git/sctAssignments/sctAssignment7/src/joystick_controller/src/turtlesim_client.cpp:3:10:[m[K [01;31m[Kfatal error: [m[Kstd_msgs/Empty.h: No such file or directory
[0.976s]     3 | #include [01;31m[K"std_msgs/Empty.h"[m[K
[0.976s]       |          [01;31m[K^~~~~~~~~~~~~~~~~~[m[K
[0.976s] compilation terminated.
[0.981s] gmake[2]: *** [CMakeFiles/turtlesim_client.dir/build.make:76: CMakeFiles/turtlesim_client.dir/src/turtlesim_client.cpp.o] Error 1
[0.981s] gmake[1]: *** [CMakeFiles/Makefile2:137: CMakeFiles/turtlesim_client.dir/all] Error 2
[0.981s] gmake: *** [Makefile:146: all] Error 2
[0.984s] Invoked command in '/home/palas21/dev/git/sctAssignments/sctAssignment7/build/joystick_controller' returned '2': CMAKE_PREFIX_PATH=/opt/ros/humble /usr/bin/cmake --build /home/palas21/dev/git/sctAssignments/sctAssignment7/build/joystick_controller -- -j12 -l12
